TN:
SF:src/App.vue
FN:31,(anonymous_0)
FN:41,(anonymous_1)
FN:47,(anonymous_2)
FN:52,(anonymous_3)
FN:54,(anonymous_4)
FN:57,(anonymous_5)
FN:60,(anonymous_6)
FN:65,(anonymous_7)
FN:66,(anonymous_8)
FN:74,(anonymous_9)
FN:75,(anonymous_10)
FN:77,(anonymous_11)
FN:80,(anonymous_12)
FN:93,(anonymous_13)
FN:94,(anonymous_14)
FN:95,(anonymous_15)
FN:98,(anonymous_16)
FN:104,(anonymous_17)
FN:117,(anonymous_18)
FN:118,(anonymous_19)
FN:120,(anonymous_20)
FN:123,(anonymous_21)
FN:134,(anonymous_22)
FN:135,(anonymous_23)
FN:137,(anonymous_24)
FN:140,(anonymous_25)
FN:150,(anonymous_26)
FN:160,(anonymous_27)
FN:170,(anonymous_28)
FN:171,(anonymous_29)
FN:173,(anonymous_30)
FN:176,(anonymous_31)
FN:187,(anonymous_32)
FN:189,(anonymous_33)
FN:199,(anonymous_34)
FN:208,(anonymous_35)
FN:209,(anonymous_36)
FN:211,(anonymous_37)
FN:218,(anonymous_38)
FN:228,(anonymous_39)
FN:229,(anonymous_40)
FN:232,(anonymous_41)
FN:272,(anonymous_42)
FN:310,render
FN:323,(anonymous_44)
FNF:45
FNH:0
FNDA:0,(anonymous_0)
FNDA:0,(anonymous_1)
FNDA:0,(anonymous_2)
FNDA:0,(anonymous_3)
FNDA:0,(anonymous_4)
FNDA:0,(anonymous_5)
FNDA:0,(anonymous_6)
FNDA:0,(anonymous_7)
FNDA:0,(anonymous_8)
FNDA:0,(anonymous_9)
FNDA:0,(anonymous_10)
FNDA:0,(anonymous_11)
FNDA:0,(anonymous_12)
FNDA:0,(anonymous_13)
FNDA:0,(anonymous_14)
FNDA:0,(anonymous_15)
FNDA:0,(anonymous_16)
FNDA:0,(anonymous_17)
FNDA:0,(anonymous_18)
FNDA:0,(anonymous_19)
FNDA:0,(anonymous_20)
FNDA:0,(anonymous_21)
FNDA:0,(anonymous_22)
FNDA:0,(anonymous_23)
FNDA:0,(anonymous_24)
FNDA:0,(anonymous_25)
FNDA:0,(anonymous_26)
FNDA:0,(anonymous_27)
FNDA:0,(anonymous_28)
FNDA:0,(anonymous_29)
FNDA:0,(anonymous_30)
FNDA:0,(anonymous_31)
FNDA:0,(anonymous_32)
FNDA:0,(anonymous_33)
FNDA:0,(anonymous_34)
FNDA:0,(anonymous_35)
FNDA:0,(anonymous_36)
FNDA:0,(anonymous_37)
FNDA:0,(anonymous_38)
FNDA:0,(anonymous_39)
FNDA:0,(anonymous_40)
FNDA:0,(anonymous_41)
FNDA:0,(anonymous_42)
FNDA:0,render
FNDA:0,(anonymous_44)
DA:5,0
DA:8,0
DA:9,0
DA:10,0
DA:11,0
DA:12,0
DA:13,0
DA:14,0
DA:15,0
DA:16,0
DA:17,0
DA:18,0
DA:19,0
DA:20,0
DA:21,0
DA:22,0
DA:23,0
DA:24,0
DA:25,0
DA:26,0
DA:27,0
DA:28,0
DA:29,0
DA:32,0
DA:33,0
DA:34,0
DA:35,0
DA:36,0
DA:37,0
DA:38,0
DA:39,0
DA:40,0
DA:41,0
DA:42,0
DA:44,0
DA:45,0
DA:47,0
DA:48,0
DA:50,0
DA:53,0
DA:54,0
DA:55,0
DA:57,0
DA:58,0
DA:60,0
DA:61,0
DA:65,0
DA:66,0
DA:67,0
DA:68,0
DA:70,0
DA:74,0
DA:75,0
DA:77,0
DA:78,0
DA:80,0
DA:81,0
DA:82,0
DA:84,0
DA:86,0
DA:87,0
DA:88,0
DA:93,0
DA:94,0
DA:95,0
DA:96,0
DA:98,0
DA:102,0
DA:105,0
DA:108,0
DA:109,0
DA:111,0
DA:112,0
DA:117,0
DA:118,0
DA:120,0
DA:121,0
DA:123,0
DA:124,0
DA:127,0
DA:128,0
DA:129,0
DA:134,0
DA:135,0
DA:137,0
DA:138,0
DA:140,0
DA:141,0
DA:146,0
DA:147,0
DA:150,0
DA:151,0
DA:154,0
DA:155,0
DA:160,0
DA:161,0
DA:162,0
DA:163,0
DA:164,0
DA:165,0
DA:170,0
DA:171,0
DA:173,0
DA:174,0
DA:176,0
DA:177,0
DA:180,0
DA:181,0
DA:182,0
DA:187,0
DA:189,0
DA:190,0
DA:192,0
DA:193,0
DA:196,0
DA:197,0
DA:201,0
DA:204,0
DA:205,0
DA:206,0
DA:208,0
DA:209,0
DA:211,0
DA:212,0
DA:214,0
DA:216,0
DA:217,0
DA:218,0
DA:219,0
DA:223,0
DA:228,0
DA:229,0
DA:232,0
DA:233,0
DA:235,0
DA:236,0
DA:237,0
DA:238,0
DA:240,0
DA:241,0
DA:243,0
DA:244,0
DA:245,0
DA:247,0
DA:248,0
DA:249,0
DA:251,0
DA:252,0
DA:254,0
DA:255,0
DA:257,0
DA:258,0
DA:259,0
DA:260,0
DA:262,0
DA:263,0
DA:264,0
DA:265,0
DA:266,0
DA:267,0
DA:272,0
DA:273,0
DA:274,0
DA:275,0
DA:278,0
DA:299,0
DA:303,0
DA:307,0
DA:308,0
DA:309,0
DA:311,0
DA:312,0
DA:313,0
DA:323,0
DA:334,0
LF:175
LH:0
BRDA:44,0,0,0
BRDA:44,0,1,0
BRDA:48,1,0,0
BRDA:48,1,1,0
BRDA:78,2,0,0
BRDA:78,2,1,0
BRDA:96,3,0,0
BRDA:96,3,1,0
BRDA:96,3,2,0
BRDA:121,4,0,0
BRDA:121,4,1,0
BRDA:138,5,0,0
BRDA:138,5,1,0
BRDA:138,5,2,0
BRDA:174,6,0,0
BRDA:174,6,1,0
BRDA:193,7,0,0
BRDA:193,7,1,0
BRDA:193,8,0,0
BRDA:193,8,1,0
BRDA:196,9,0,0
BRDA:196,9,1,0
BRDA:196,10,0,0
BRDA:196,10,1,0
BRDA:196,11,0,0
BRDA:196,11,1,0
BRDA:196,12,0,0
BRDA:196,12,1,0
BRDA:204,13,0,0
BRDA:204,13,1,0
BRDA:206,14,0,0
BRDA:206,14,1,0
BRDA:206,15,0,0
BRDA:206,15,1,0
BRDA:212,16,0,0
BRDA:212,16,1,0
BRDA:233,17,0,0
BRDA:233,17,1,0
BRDA:233,17,2,0
BRDA:233,17,3,0
BRDA:233,17,4,0
BRDA:233,17,5,0
BRDA:233,17,6,0
BRDA:233,17,7,0
BRDA:237,18,0,0
BRDA:237,18,1,0
BRDA:244,19,0,0
BRDA:244,19,1,0
BRDA:248,20,0,0
BRDA:248,20,1,0
BRDA:248,21,0,0
BRDA:248,21,1,0
BRDA:248,22,0,0
BRDA:248,22,1,0
BRDA:248,23,0,0
BRDA:248,23,1,0
BRDA:251,24,0,0
BRDA:251,24,1,0
BRDA:273,25,0,0
BRDA:273,25,1,0
BRF:60
BRH:0
end_of_record
TN:
SF:src/main.ts
FN:7,(anonymous_0)
FN:14,(anonymous_1)
FN:15,(anonymous_2)
FNF:3
FNH:0
FNDA:0,(anonymous_0)
FNDA:0,(anonymous_1)
FNDA:0,(anonymous_2)
DA:1,0
DA:2,0
DA:4,0
DA:6,0
DA:7,0
DA:8,0
DA:10,0
DA:12,0
DA:14,0
DA:15,0
DA:19,0
LF:11
LH:0
BRDA:6,0,0,0
BRDA:6,1,0,0
BRDA:6,1,1,0
BRDA:10,2,0,0
BRF:4
BRH:0
end_of_record
TN:
SF:src/app/createApp.ts
FN:12,(anonymous_0)
FNF:1
FNH:0
FNDA:0,(anonymous_0)
DA:1,0
DA:2,0
DA:3,0
DA:4,0
DA:5,0
DA:6,0
DA:7,0
DA:9,0
DA:10,0
DA:12,0
DA:13,0
DA:15,0
DA:16,0
DA:17,0
DA:19,0
DA:20,0
DA:22,0
DA:24,0
DA:27,0
LF:19
LH:0
BRF:0
BRH:0
end_of_record
TN:
SF:src/assets/index.ts
FN:1,(anonymous_0)
FNF:1
FNH:0
FNDA:0,(anonymous_0)
DA:1,0
DA:3,0
DA:5,0
LF:3
LH:0
BRF:0
BRH:0
end_of_record
TN:
SF:src/components/AboveForm.vue
FN:49,(anonymous_0)
FN:56,(anonymous_1)
FN:60,(anonymous_2)
FN:66,(anonymous_3)
FN:105,render
FN:123,(anonymous_5)
FN:141,(anonymous_6)
FN:148,(anonymous_7)
FNF:8
FNH:0
FNDA:0,(anonymous_0)
FNDA:0,(anonymous_1)
FNDA:0,(anonymous_2)
FNDA:0,(anonymous_3)
FNDA:0,render
FNDA:0,(anonymous_5)
FNDA:0,(anonymous_6)
FNDA:0,(anonymous_7)
DA:3,0
DA:6,0
DA:7,0
DA:8,0
DA:9,0
DA:50,0
DA:51,0
DA:52,0
DA:53,0
DA:54,0
DA:55,0
DA:56,0
DA:57,0
DA:58,0
DA:60,0
DA:61,0
DA:66,0
DA:67,0
DA:71,0
DA:79,0
DA:83,0
DA:87,0
DA:88,0
DA:89,0
DA:90,0
DA:94,0
DA:95,0
DA:99,0
DA:103,0
DA:104,0
DA:106,0
DA:107,0
DA:108,0
DA:123,0
DA:141,0
DA:148,0
DA:162,0
LF:37
LH:0
BRDA:57,0,0,0
BRDA:57,0,1,0
BRDA:114,1,0,0
BRDA:114,1,1,0
BRDA:118,2,0,0
BRDA:118,2,1,0
BRDA:123,3,0,0
BRDA:123,3,1,0
BRDA:137,4,0,0
BRDA:137,4,1,0
BRDA:141,5,0,0
BRDA:141,5,1,0
BRDA:148,6,0,0
BRDA:148,6,1,0
BRF:14
BRH:0
end_of_record
TN:
SF:src/components/Alert.vue
FN:30,(anonymous_0)
FN:37,(anonymous_1)
FN:42,(anonymous_2)
FN:76,render
FN:83,(anonymous_4)
FN:96,(anonymous_5)
FNF:6
FNH:0
FNDA:0,(anonymous_0)
FNDA:0,(anonymous_1)
FNDA:0,(anonymous_2)
FNDA:0,render
FNDA:0,(anonymous_4)
FNDA:0,(anonymous_5)
DA:5,0
DA:8,0
DA:9,0
DA:10,0
DA:11,0
DA:31,0
DA:32,0
DA:33,0
DA:34,0
DA:35,0
DA:36,0
DA:37,0
DA:38,0
DA:39,0
DA:40,0
DA:42,0
DA:43,0
DA:44,0
DA:45,0
DA:46,0
DA:47,0
DA:48,0
DA:49,0
DA:51,0
DA:53,0
DA:60,0
DA:64,0
DA:68,0
DA:69,0
DA:70,0
DA:71,0
DA:75,0
DA:77,0
DA:78,0
DA:79,0
DA:83,0
DA:96,0
DA:106,0
LF:38
LH:0
BRDA:39,0,0,0
BRDA:39,0,1,0
BRDA:43,1,0,0
BRDA:43,1,1,0
BRDA:47,2,0,0
BRDA:47,2,1,0
BRDA:49,3,0,0
BRDA:49,3,1,0
BRF:8
BRH:0
end_of_record
TN:
SF:src/components/AssetHighlightIcon.vue
FN:29,(anonymous_0)
FN:43,(anonymous_1)
FN:49,(anonymous_2)
FN:52,(anonymous_3)
FN:74,render
FNF:5
FNH:0
FNDA:0,(anonymous_0)
FNDA:0,(anonymous_1)
FNDA:0,(anonymous_2)
FNDA:0,(anonymous_3)
FNDA:0,render
DA:3,0
DA:6,0
DA:7,0
DA:8,0
DA:30,0
DA:31,0
DA:32,0
DA:37,0
DA:42,0
DA:43,0
DA:44,0
DA:45,0
DA:49,0
DA:50,0
DA:52,0
DA:53,0
DA:55,0
DA:63,0
DA:67,0
DA:71,0
DA:72,0
DA:73,0
DA:75,0
DA:76,0
DA:86,0
LF:25
LH:0
BRDA:44,0,0,0
BRDA:44,0,1,0
BRDA:44,1,0,0
BRDA:44,1,1,0
BRF:4
BRH:0
end_of_record
TN:
SF:src/components/BadgeButton.vue
FN:16,(anonymous_0)
FN:21,(anonymous_1)
FN:39,render
FNF:3
FNH:0
FNDA:0,(anonymous_0)
FNDA:0,(anonymous_1)
FNDA:0,render
DA:3,0
DA:6,0
DA:7,0
DA:17,0
DA:18,0
DA:19,0
DA:20,0
DA:21,0
DA:22,0
DA:24,0
DA:28,0
DA:32,0
DA:36,0
DA:37,0
DA:38,0
DA:40,0
DA:45,0
LF:17
LH:0
BRF:0
BRH:0
end_of_record
TN:
SF:src/components/Blur.vue
FN:11,render
FNF:1
FNH:0
FNDA:0,render
DA:3,0
DA:6,0
DA:7,0
DA:8,0
DA:12,0
DA:13,0
LF:6
LH:0
BRF:0
BRH:0
end_of_record
TN:
SF:src/components/BorderButton.vue
FN:68,(anonymous_0)
FN:83,render
FN:92,(anonymous_2)
FN:106,(anonymous_3)
FNF:4
FNH:0
FNDA:0,(anonymous_0)
FNDA:0,render
FNDA:0,(anonymous_2)
FNDA:0,(anonymous_3)
DA:3,0
DA:6,0
DA:7,0
DA:69,0
DA:70,0
DA:71,0
DA:72,0
DA:76,0
DA:80,0
DA:81,0
DA:82,0
DA:84,0
DA:85,0
DA:86,0
DA:92,0
DA:106,0
DA:112,0
LF:17
LH:0
BRDA:106,0,0,0
BRDA:106,0,1,0
BRF:2
BRH:0
end_of_record
TN:
SF:src/components/Checkbox.vue
FN:26,(anonymous_0)
FN:33,(anonymous_1)
FN:36,(anonymous_2)
FN:56,render
FN:61,(anonymous_4)
FNF:5
FNH:0
FNDA:0,(anonymous_0)
FNDA:0,(anonymous_1)
FNDA:0,(anonymous_2)
FNDA:0,render
FNDA:0,(anonymous_4)
DA:3,0
DA:6,0
DA:7,0
DA:8,0
DA:27,0
DA:28,0
DA:29,0
DA:30,0
DA:31,0
DA:32,0
DA:34,0
DA:37,0
DA:40,0
DA:45,0
DA:49,0
DA:53,0
DA:54,0
DA:55,0
DA:57,0
DA:58,0
DA:61,0
DA:68,0
LF:22
LH:0
BRDA:61,0,0,0
BRDA:61,0,1,0
BRF:2
BRH:0
end_of_record
TN:
SF:src/components/CircleButton.vue
FN:49,(anonymous_0)
FN:56,(anonymous_1)
FN:59,(anonymous_2)
FN:64,(anonymous_3)
FN:72,(anonymous_4)
FN:95,render
FN:102,(anonymous_6)
FNF:7
FNH:0
FNDA:0,(anonymous_0)
FNDA:0,(anonymous_1)
FNDA:0,(anonymous_2)
FNDA:0,(anonymous_3)
FNDA:0,(anonymous_4)
FNDA:0,render
FNDA:0,(anonymous_6)
DA:3,0
DA:6,0
DA:7,0
DA:8,0
DA:50,0
DA:51,0
DA:52,0
DA:53,0
DA:54,0
DA:55,0
DA:56,0
DA:57,0
DA:59,0
DA:61,0
DA:62,0
DA:64,0
DA:65,0
DA:66,0
DA:67,0
DA:72,0
DA:73,0
DA:75,0
DA:84,0
DA:88,0
DA:92,0
DA:93,0
DA:94,0
DA:96,0
DA:97,0
DA:98,0
DA:102,0
DA:119,0
LF:32
LH:0
BRDA:67,0,0,0
BRDA:67,0,1,0
BRDA:73,1,0,0
BRDA:73,1,1,0
BRDA:102,2,0,0
BRDA:102,2,1,0
BRF:6
BRH:0
end_of_record
TN:
SF:src/components/ComingSoon.vue
FN:16,(anonymous_0)
FN:21,(anonymous_1)
FN:42,render
FNF:3
FNH:0
FNDA:0,(anonymous_0)
FNDA:0,(anonymous_1)
FNDA:0,render
DA:3,0
DA:6,0
DA:7,0
DA:8,0
DA:17,0
DA:18,0
DA:19,0
DA:20,0
DA:21,0
DA:22,0
DA:24,0
DA:29,0
DA:33,0
DA:37,0
DA:38,0
DA:39,0
DA:40,0
DA:41,0
DA:43,0
DA:44,0
DA:52,0
LF:21
LH:0
BRF:0
BRH:0
end_of_record
TN:
SF:src/components/ConfirmationPopup.vue
FN:15,(anonymous_0)
FN:33,render
FN:38,(anonymous_2)
FN:40,(anonymous_3)
FN:52,(anonymous_4)
FN:59,(anonymous_5)
FNF:6
FNH:0
FNDA:0,(anonymous_0)
FNDA:0,render
FNDA:0,(anonymous_2)
FNDA:0,(anonymous_3)
FNDA:0,(anonymous_4)
FNDA:0,(anonymous_5)
DA:3,0
DA:6,0
DA:7,0
DA:16,0
DA:17,0
DA:18,0
DA:19,0
DA:23,0
DA:27,0
DA:28,0
DA:29,0
DA:30,0
DA:31,0
DA:32,0
DA:34,0
DA:35,0
DA:36,0
DA:38,0
DA:40,0
DA:52,0
DA:59,0
DA:67,0
LF:22
LH:0
BRDA:38,0,0,0
BRDA:38,0,1,0
BRDA:52,1,0,0
BRDA:52,1,1,0
BRDA:59,2,0,0
BRDA:59,2,1,0
BRF:6
BRH:0
end_of_record
TN:
SF:src/components/ContentForm.vue
FN:32,(anonymous_0)
FN:36,(anonymous_1)
FN:48,(anonymous_2)
FN:67,render
FN:73,(anonymous_4)
FNF:5
FNH:0
FNDA:0,(anonymous_0)
FNDA:0,(anonymous_1)
FNDA:0,(anonymous_2)
FNDA:0,render
FNDA:0,(anonymous_4)
DA:3,0
DA:6,0
DA:7,0
DA:8,0
DA:9,0
DA:33,0
DA:34,0
DA:35,0
DA:36,0
DA:37,0
DA:38,0
DA:41,0
DA:42,0
DA:43,0
DA:44,0
DA:46,0
DA:48,0
DA:49,0
DA:51,0
DA:56,0
DA:60,0
DA:64,0
DA:65,0
DA:66,0
DA:68,0
DA:69,0
DA:73,0
DA:84,0
LF:28
LH:0
BRDA:38,0,0,0
BRDA:38,0,1,0
BRDA:38,1,0,0
BRDA:38,1,1,0
BRDA:41,2,0,0
BRDA:41,2,1,0
BRDA:41,3,0,0
BRDA:41,3,1,0
BRDA:49,4,0,0
BRDA:49,4,1,0
BRF:10
BRH:0
end_of_record
TN:
SF:src/components/DialogHost.vue
FN:15,(anonymous_0)
FN:24,(anonymous_1)
FN:27,(anonymous_2)
FN:33,(anonymous_3)
FN:38,(anonymous_4)
FN:42,(anonymous_5)
FN:78,render
FN:89,(anonymous_7)
FN:99,(anonymous_8)
FNF:9
FNH:0
FNDA:0,(anonymous_0)
FNDA:0,(anonymous_1)
FNDA:0,(anonymous_2)
FNDA:0,(anonymous_3)
FNDA:0,(anonymous_4)
FNDA:0,(anonymous_5)
FNDA:0,render
FNDA:0,(anonymous_7)
FNDA:0,(anonymous_8)
DA:3,0
DA:6,0
DA:7,0
DA:8,0
DA:9,0
DA:10,0
DA:11,0
DA:12,0
DA:13,0
DA:16,0
DA:17,0
DA:18,0
DA:19,0
DA:20,0
DA:21,0
DA:22,0
DA:23,0
DA:24,0
DA:25,0
DA:27,0
DA:29,0
DA:33,0
DA:34,0
DA:35,0
DA:36,0
DA:38,0
DA:40,0
DA:42,0
DA:44,0
DA:46,0
DA:60,0
DA:64,0
DA:68,0
DA:69,0
DA:70,0
DA:71,0
DA:72,0
DA:76,0
DA:77,0
DA:79,0
DA:89,0
DA:99,0
DA:126,0
LF:43
LH:0
BRDA:29,0,0,0
BRDA:29,0,1,0
BRDA:29,1,0,0
BRDA:29,1,1,0
BRDA:29,2,0,0
BRDA:29,2,1,0
BRDA:29,3,0,0
BRDA:29,3,1,0
BRDA:29,4,0,0
BRDA:29,4,1,0
BRDA:35,5,0,0
BRDA:35,5,1,0
BRDA:36,6,0,0
BRDA:36,6,1,0
BRDA:40,7,0,0
BRDA:40,7,1,0
BRDA:40,8,0,0
BRDA:40,8,1,0
BRDA:40,9,0,0
BRDA:40,9,1,0
BRDA:44,10,0,0
BRDA:44,10,1,0
BRDA:44,11,0,0
BRDA:44,11,1,0
BRDA:44,12,0,0
BRDA:44,12,1,0
BRDA:79,13,0,0
BRDA:79,13,1,0
BRDA:91,14,0,0
BRDA:91,14,1,0
BRDA:95,15,0,0
BRDA:95,15,1,0
BRDA:99,16,0,0
BRDA:99,16,1,0
BRDA:105,17,0,0
BRDA:105,17,1,0
BRDA:116,18,0,0
BRDA:116,18,1,0
BRF:38
BRH:0
end_of_record
TN:
SF:src/components/DirectionContentForm.vue
FN:66,(anonymous_0)
FN:73,(anonymous_1)
FN:78,(anonymous_2)
FN:81,(anonymous_3)
FN:84,(anonymous_4)
FN:87,(anonymous_5)
FN:90,(anonymous_6)
FN:93,(anonymous_7)
FN:97,(anonymous_8)
FN:101,(anonymous_9)
FN:104,(anonymous_10)
FN:158,render
FN:162,(anonymous_12)
FNF:13
FNH:0
FNDA:0,(anonymous_0)
FNDA:0,(anonymous_1)
FNDA:0,(anonymous_2)
FNDA:0,(anonymous_3)
FNDA:0,(anonymous_4)
FNDA:0,(anonymous_5)
FNDA:0,(anonymous_6)
FNDA:0,(anonymous_7)
FNDA:0,(anonymous_8)
FNDA:0,(anonymous_9)
FNDA:0,(anonymous_10)
FNDA:0,render
FNDA:0,(anonymous_12)
DA:3,0
DA:6,0
DA:7,0
DA:8,0
DA:9,0
DA:10,0
DA:11,0
DA:12,0
DA:67,0
DA:68,0
DA:69,0
DA:70,0
DA:71,0
DA:72,0
DA:73,0
DA:74,0
DA:78,0
DA:79,0
DA:81,0
DA:82,0
DA:84,0
DA:85,0
DA:87,0
DA:88,0
DA:90,0
DA:91,0
DA:93,0
DA:95,0
DA:97,0
DA:99,0
DA:101,0
DA:102,0
DA:104,0
DA:105,0
DA:107,0
DA:123,0
DA:127,0
DA:131,0
DA:132,0
DA:133,0
DA:134,0
DA:135,0
DA:136,0
DA:140,0
DA:144,0
DA:145,0
DA:149,0
DA:150,0
DA:154,0
DA:159,0
DA:160,0
DA:161,0
DA:162,0
DA:186,0
LF:54
LH:0
BRDA:95,0,0,0
BRDA:95,0,1,0
BRDA:95,1,0,0
BRDA:95,1,1,0
BRDA:95,2,0,0
BRDA:95,2,1,0
BRDA:95,3,0,0
BRDA:95,3,1,0
BRDA:99,4,0,0
BRDA:99,4,1,0
BRDA:99,5,0,0
BRDA:99,5,1,0
BRDA:99,6,0,0
BRDA:99,6,1,0
BRDA:99,7,0,0
BRDA:99,7,1,0
BRDA:169,8,0,0
BRDA:169,8,1,0
BRF:18
BRH:0
end_of_record
TN:
SF:src/components/DoubleAssetHighlightIcon.vue
FN:31,(anonymous_0)
FN:53,render
FNF:2
FNH:0
FNDA:0,(anonymous_0)
FNDA:0,render
DA:3,0
DA:6,0
DA:7,0
DA:32,0
DA:33,0
DA:34,0
DA:35,0
DA:38,0
DA:42,0
DA:46,0
DA:47,0
DA:48,0
DA:49,0
DA:54,0
DA:55,0
DA:72,0
LF:16
LH:0
BRF:0
BRH:0
end_of_record
TN:
SF:src/components/Dropdown.vue
FN:30,(anonymous_0)
FN:34,(anonymous_1)
FN:35,(anonymous_2)
FN:40,(anonymous_3)
FN:42,(anonymous_4)
FN:47,(anonymous_5)
FN:64,(anonymous_6)
FN:76,render
FN:84,(anonymous_8)
FN:92,(anonymous_9)
FN:94,(anonymous_10)
FN:95,(anonymous_11)
FN:102,(anonymous_12)
FN:109,(anonymous_13)
FN:112,(anonymous_14)
FNF:15
FNH:0
FNDA:0,(anonymous_0)
FNDA:0,(anonymous_1)
FNDA:0,(anonymous_2)
FNDA:0,(anonymous_3)
FNDA:0,(anonymous_4)
FNDA:0,(anonymous_5)
FNDA:0,(anonymous_6)
FNDA:0,render
FNDA:0,(anonymous_8)
FNDA:0,(anonymous_9)
FNDA:0,(anonymous_10)
FNDA:0,(anonymous_11)
FNDA:0,(anonymous_12)
FNDA:0,(anonymous_13)
FNDA:0,(anonymous_14)
DA:3,0
DA:6,0
DA:7,0
DA:8,0
DA:31,0
DA:32,0
DA:33,0
DA:34,0
DA:35,0
DA:36,0
DA:37,0
DA:40,0
DA:42,0
DA:43,0
DA:44,0
DA:47,0
DA:48,0
DA:50,0
DA:56,0
DA:60,0
DA:64,0
DA:65,0
DA:66,0
DA:67,0
DA:68,0
DA:71,0
DA:73,0
DA:74,0
DA:75,0
DA:77,0
DA:78,0
DA:79,0
DA:80,0
DA:84,0
DA:92,0
DA:94,0
DA:96,0
DA:97,0
DA:102,0
DA:109,0
DA:112,0
DA:123,0
LF:42
LH:0
BRDA:37,0,0,0
BRDA:37,0,1,0
BRDA:42,1,0,0
BRDA:42,1,1,0
BRDA:42,2,0,0
BRDA:42,2,1,0
BRDA:42,3,0,0
BRDA:42,3,1,0
BRDA:42,4,0,0
BRDA:42,4,1,0
BRDA:64,5,0,0
BRDA:64,5,1,0
BRDA:64,5,2,0
BRDA:65,6,0,0
BRDA:65,6,1,0
BRDA:65,7,0,0
BRDA:65,7,1,0
BRDA:66,8,0,0
BRDA:66,8,1,0
BRDA:66,9,0,0
BRDA:66,9,1,0
BRDA:67,10,0,0
BRDA:67,10,1,0
BRDA:71,11,0,0
BRDA:71,11,1,0
BRDA:92,12,0,0
BRDA:92,12,1,0
BRDA:111,13,0,0
BRDA:111,13,1,0
BRF:29
BRH:0
end_of_record
TN:
SF:src/components/EllipseButton.vue
FN:22,(anonymous_0)
FN:26,(anonymous_1)
FN:46,render
FN:50,(anonymous_3)
FNF:4
FNH:0
FNDA:0,(anonymous_0)
FNDA:0,(anonymous_1)
FNDA:0,render
FNDA:0,(anonymous_3)
DA:3,0
DA:6,0
DA:7,0
DA:8,0
DA:23,0
DA:24,0
DA:25,0
DA:26,0
DA:27,0
DA:31,0
DA:35,0
DA:39,0
DA:43,0
DA:44,0
DA:45,0
DA:47,0
DA:50,0
DA:53,0
LF:18
LH:0
BRDA:50,0,0,0
BRDA:50,0,1,0
BRF:2
BRH:0
end_of_record
TN:
SF:src/components/ExternalLogo.vue
FN:26,(anonymous_0)
FN:31,(anonymous_1)
FN:39,(anonymous_2)
FN:43,(anonymous_3)
FN:69,render
FNF:5
FNH:0
FNDA:0,(anonymous_0)
FNDA:0,(anonymous_1)
FNDA:0,(anonymous_2)
FNDA:0,(anonymous_3)
FNDA:0,render
DA:3,0
DA:6,0
DA:7,0
DA:8,0
DA:9,0
DA:27,0
DA:28,0
DA:29,0
DA:30,0
DA:31,0
DA:32,0
DA:33,0
DA:34,0
DA:35,0
DA:37,0
DA:39,0
DA:41,0
DA:43,0
DA:45,0
DA:46,0
DA:47,0
DA:48,0
DA:50,0
DA:57,0
DA:61,0
DA:65,0
DA:66,0
DA:67,0
DA:68,0
DA:70,0
DA:80,0
LF:31
LH:0
BRDA:33,0,0,0
BRDA:33,0,1,0
BRDA:41,1,0,0
BRDA:41,1,1,0
BRDA:41,2,0,0
BRDA:41,2,1,0
BRDA:45,3,0,0
BRDA:45,3,1,0
BRDA:45,4,0,0
BRDA:45,4,1,0
BRDA:46,5,0,0
BRDA:46,5,1,0
BRDA:47,6,0,0
BRDA:47,6,1,0
BRDA:47,7,0,0
BRDA:47,7,1,0
BRDA:48,8,0,0
BRDA:48,8,1,0
BRF:18
BRH:0
end_of_record
TN:
SF:src/components/ExternalWidget.vue
FN:27,(anonymous_0)
FN:32,(anonymous_1)
FN:34,(anonymous_2)
FN:37,(anonymous_3)
FN:40,(anonymous_4)
FN:47,(anonymous_5)
FN:69,render
FNF:7
FNH:0
FNDA:0,(anonymous_0)
FNDA:0,(anonymous_1)
FNDA:0,(anonymous_2)
FNDA:0,(anonymous_3)
FNDA:0,(anonymous_4)
FNDA:0,(anonymous_5)
FNDA:0,render
DA:3,0
DA:6,0
DA:7,0
DA:8,0
DA:28,0
DA:29,0
DA:30,0
DA:31,0
DA:32,0
DA:33,0
DA:35,0
DA:37,0
DA:38,0
DA:40,0
DA:42,0
DA:43,0
DA:47,0
DA:48,0
DA:50,0
DA:57,0
DA:61,0
DA:65,0
DA:66,0
DA:67,0
DA:68,0
DA:70,0
DA:71,0
DA:87,0
LF:28
LH:0
BRDA:35,0,0,0
BRDA:35,0,1,0
BRDA:38,1,0,0
BRDA:38,1,1,0
BRDA:74,2,0,0
BRDA:74,2,1,0
BRF:6
BRH:0
end_of_record
TN:
SF:src/components/FButton.vue
FN:86,(anonymous_0)
FN:93,(anonymous_1)
FN:104,(anonymous_2)
FN:110,(anonymous_3)
FN:113,(anonymous_4)
FN:120,(anonymous_5)
FN:124,(anonymous_6)
FN:131,(anonymous_7)
FN:136,(anonymous_8)
FN:188,render
FN:203,(anonymous_10)
FN:205,(anonymous_11)
FNF:12
FNH:0
FNDA:0,(anonymous_0)
FNDA:0,(anonymous_1)
FNDA:0,(anonymous_2)
FNDA:0,(anonymous_3)
FNDA:0,(anonymous_4)
FNDA:0,(anonymous_5)
FNDA:0,(anonymous_6)
FNDA:0,(anonymous_7)
FNDA:0,(anonymous_8)
FNDA:0,render
FNDA:0,(anonymous_10)
FNDA:0,(anonymous_11)
DA:5,0
DA:8,0
DA:9,0
DA:10,0
DA:11,0
DA:12,0
DA:87,0
DA:88,0
DA:89,0
DA:90,0
DA:91,0
DA:92,0
DA:93,0
DA:94,0
DA:95,0
DA:96,0
DA:97,0
DA:98,0
DA:99,0
DA:100,0
DA:102,0
DA:104,0
DA:105,0
DA:108,0
DA:110,0
DA:111,0
DA:113,0
DA:114,0
DA:115,0
DA:116,0
DA:117,0
DA:118,0
DA:120,0
DA:121,0
DA:122,0
DA:124,0
DA:126,0
DA:127,0
DA:131,0
DA:132,0
DA:133,0
DA:134,0
DA:136,0
DA:137,0
DA:138,0
DA:139,0
DA:140,0
DA:145,0
DA:146,0
DA:151,0
DA:152,0
DA:156,0
DA:157,0
DA:162,0
DA:164,0
DA:177,0
DA:181,0
DA:185,0
DA:186,0
DA:187,0
DA:189,0
DA:190,0
DA:191,0
DA:203,0
DA:205,0
DA:220,0
LF:66
LH:0
BRDA:94,0,0,0
BRDA:94,0,1,0
BRDA:98,1,0,0
BRDA:98,1,1,0
BRDA:100,2,0,0
BRDA:100,2,1,0
BRDA:111,3,0,0
BRDA:111,3,1,0
BRDA:115,4,0,0
BRDA:115,4,1,0
BRDA:116,5,0,0
BRDA:116,5,1,0
BRDA:117,6,0,0
BRDA:117,6,1,0
BRDA:121,7,0,0
BRDA:121,7,1,0
BRDA:126,8,0,0
BRDA:126,8,1,0
BRDA:126,9,0,0
BRDA:126,9,1,0
BRDA:133,10,0,0
BRDA:133,10,1,0
BRDA:138,11,0,0
BRDA:138,11,1,0
BRDA:139,12,0,0
BRDA:139,12,1,0
BRDA:140,13,0,0
BRDA:140,13,1,0
BRDA:142,14,0,0
BRDA:142,14,1,0
BRDA:145,15,0,0
BRDA:145,15,1,0
BRDA:146,16,0,0
BRDA:146,16,1,0
BRDA:148,17,0,0
BRDA:148,17,1,0
BRDA:151,18,0,0
BRDA:151,18,1,0
BRDA:156,19,0,0
BRDA:156,19,1,0
BRDA:157,20,0,0
BRDA:157,20,1,0
BRDA:159,21,0,0
BRDA:159,21,1,0
BRDA:203,22,0,0
BRDA:203,22,1,0
BRDA:206,23,0,0
BRDA:206,23,1,0
BRF:48
BRH:0
end_of_record
TN:
SF:src/components/FCorners.vue
FN:44,(anonymous_0)
FN:49,(anonymous_1)
FN:59,(anonymous_2)
FN:64,(anonymous_3)
FN:67,(anonymous_4)
FN:70,(anonymous_5)
FN:76,(anonymous_6)
FN:100,render
FNF:8
FNH:0
FNDA:0,(anonymous_0)
FNDA:0,(anonymous_1)
FNDA:0,(anonymous_2)
FNDA:0,(anonymous_3)
FNDA:0,(anonymous_4)
FNDA:0,(anonymous_5)
FNDA:0,(anonymous_6)
FNDA:0,render
DA:3,0
DA:6,0
DA:7,0
DA:8,0
DA:9,0
DA:45,0
DA:46,0
DA:47,0
DA:48,0
DA:49,0
DA:51,0
DA:52,0
DA:57,0
DA:59,0
DA:60,0
DA:64,0
DA:65,0
DA:67,0
DA:68,0
DA:70,0
DA:71,0
DA:75,0
DA:76,0
DA:77,0
DA:79,0
DA:89,0
DA:93,0
DA:97,0
DA:98,0
DA:99,0
DA:101,0
DA:124,0
LF:32
LH:0
BRDA:51,0,0,0
BRDA:51,0,1,0
BRDA:54,1,0,0
BRDA:54,1,1,0
BRDA:55,2,0,0
BRDA:55,2,1,0
BRDA:72,3,0,0
BRDA:72,3,1,0
BRDA:110,4,0,0
BRDA:110,4,1,0
BRDA:116,5,0,0
BRDA:116,5,1,0
BRF:12
BRH:0
end_of_record
TN:
SF:src/components/FInput.vue
FN:82,(anonymous_0)
FN:86,(anonymous_1)
FN:93,(anonymous_2)
FN:96,(anonymous_3)
FN:101,(anonymous_4)
FN:106,(anonymous_5)
FN:113,(anonymous_6)
FN:118,(anonymous_7)
FN:146,render
FN:154,(anonymous_9)
FN:161,(anonymous_10)
FN:173,(anonymous_11)
FN:174,(anonymous_12)
FNF:13
FNH:0
FNDA:0,(anonymous_0)
FNDA:0,(anonymous_1)
FNDA:0,(anonymous_2)
FNDA:0,(anonymous_3)
FNDA:0,(anonymous_4)
FNDA:0,(anonymous_5)
FNDA:0,(anonymous_6)
FNDA:0,(anonymous_7)
FNDA:0,render
FNDA:0,(anonymous_9)
FNDA:0,(anonymous_10)
FNDA:0,(anonymous_11)
FNDA:0,(anonymous_12)
DA:3,0
DA:6,0
DA:7,0
DA:8,0
DA:83,0
DA:84,0
DA:85,0
DA:86,0
DA:87,0
DA:91,0
DA:92,0
DA:94,0
DA:97,0
DA:100,0
DA:101,0
DA:103,0
DA:104,0
DA:106,0
DA:107,0
DA:110,0
DA:111,0
DA:113,0
DA:114,0
DA:118,0
DA:119,0
DA:121,0
DA:124,0
DA:135,0
DA:139,0
DA:143,0
DA:144,0
DA:145,0
DA:147,0
DA:148,0
DA:149,0
DA:154,0
DA:161,0
DA:173,0
DA:174,0
DA:182,0
LF:40
LH:0
BRDA:103,0,0,0
BRDA:103,0,1,0
BRDA:110,1,0,0
BRDA:110,1,1,0
BRDA:119,2,0,0
BRDA:119,2,1,0
BRDA:161,3,0,0
BRDA:161,3,1,0
BRDA:173,4,0,0
BRDA:173,4,1,0
BRDA:174,5,0,0
BRDA:174,5,1,0
BRF:12
BRH:0
end_of_record
TN:
SF:src/components/FLink.vue
FN:16,(anonymous_0)
FN:34,render
FN:37,(anonymous_2)
FNF:3
FNH:0
FNDA:0,(anonymous_0)
FNDA:0,render
FNDA:0,(anonymous_2)
DA:3,0
DA:6,0
DA:7,0
DA:17,0
DA:18,0
DA:19,0
DA:20,0
DA:23,0
DA:27,0
DA:31,0
DA:32,0
DA:33,0
DA:35,0
DA:37,0
DA:40,0
LF:15
LH:0
BRDA:37,0,0,0
BRDA:37,0,1,0
BRF:2
BRH:0
end_of_record
TN:
SF:src/components/FSelect.vue
FN:23,(anonymous_0)
FN:39,(anonymous_1)
FN:46,(anonymous_2)
FN:49,(anonymous_3)
FN:53,(anonymous_4)
FN:74,render
FN:79,(anonymous_6)
FN:85,(anonymous_7)
FN:91,(anonymous_8)
FN:92,(anonymous_9)
FNF:10
FNH:0
FNDA:0,(anonymous_0)
FNDA:0,(anonymous_1)
FNDA:0,(anonymous_2)
FNDA:0,(anonymous_3)
FNDA:0,(anonymous_4)
FNDA:0,render
FNDA:0,(anonymous_6)
FNDA:0,(anonymous_7)
FNDA:0,(anonymous_8)
FNDA:0,(anonymous_9)
DA:3,0
DA:6,0
DA:7,0
DA:8,0
DA:24,0
DA:40,0
DA:41,0
DA:42,0
DA:43,0
DA:44,0
DA:45,0
DA:47,0
DA:50,0
DA:53,0
DA:54,0
DA:55,0
DA:57,0
DA:63,0
DA:67,0
DA:71,0
DA:72,0
DA:73,0
DA:75,0
DA:76,0
DA:77,0
DA:78,0
DA:79,0
DA:85,0
DA:91,0
DA:93,0
DA:94,0
DA:109,0
LF:32
LH:0
BRDA:54,0,0,0
BRDA:54,0,1,0
BRDA:85,1,0,0
BRDA:85,1,1,0
BRF:4
BRH:0
end_of_record
TN:
SF:src/components/Favicon.vue
FN:20,(anonymous_0)
FN:23,(anonymous_1)
FN:41,render
FNF:3
FNH:0
FNDA:0,(anonymous_0)
FNDA:0,(anonymous_1)
FNDA:0,render
DA:3,0
DA:6,0
DA:7,0
DA:8,0
DA:21,0
DA:22,0
DA:23,0
DA:24,0
DA:25,0
DA:27,0
DA:30,0
DA:34,0
DA:38,0
DA:39,0
DA:40,0
DA:42,0
DA:43,0
DA:49,0
LF:18
LH:0
BRF:0
BRH:0
end_of_record
TN:
SF:src/components/FearlessIcon.vue
FN:16,render
FNF:1
FNH:0
FNDA:0,render
DA:3,0
DA:6,0
DA:7,0
DA:8,0
DA:17,0
DA:21,0
LF:6
LH:0
BRDA:17,0,0,0
BRDA:17,0,1,0
BRF:2
BRH:0
end_of_record
TN:
SF:src/components/Hint.vue
FN:26,(anonymous_0)
FN:33,(anonymous_1)
FN:38,(anonymous_2)
FN:49,(anonymous_3)
FN:72,render
FNF:5
FNH:0
FNDA:0,(anonymous_0)
FNDA:0,(anonymous_1)
FNDA:0,(anonymous_2)
FNDA:0,(anonymous_3)
FNDA:0,render
DA:3,0
DA:6,0
DA:7,0
DA:8,0
DA:9,0
DA:27,0
DA:28,0
DA:29,0
DA:30,0
DA:31,0
DA:32,0
DA:33,0
DA:34,0
DA:38,0
DA:39,0
DA:40,0
DA:41,0
DA:42,0
DA:43,0
DA:44,0
DA:45,0
DA:47,0
DA:49,0
DA:50,0
DA:52,0
DA:60,0
DA:64,0
DA:68,0
DA:69,0
DA:70,0
DA:71,0
DA:73,0
DA:74,0
DA:85,0
LF:34
LH:0
BRDA:39,0,0,0
BRDA:39,0,1,0
BRDA:43,1,0,0
BRDA:43,1,1,0
BRDA:45,2,0,0
BRDA:45,2,1,0
BRDA:50,3,0,0
BRDA:50,3,1,0
BRF:8
BRH:0
end_of_record
TN:
SF:src/components/Icon.vue
FN:44,(anonymous_0)
FN:50,(anonymous_1)
FN:53,(anonymous_2)
FN:56,(anonymous_3)
FN:59,(anonymous_4)
FN:62,(anonymous_5)
FN:70,(anonymous_6)
FN:76,(anonymous_7)
FN:88,(anonymous_8)
FN:91,(anonymous_9)
FN:108,render
FNF:11
FNH:0
FNDA:0,(anonymous_0)
FNDA:0,(anonymous_1)
FNDA:0,(anonymous_2)
FNDA:0,(anonymous_3)
FNDA:0,(anonymous_4)
FNDA:0,(anonymous_5)
FNDA:0,(anonymous_6)
FNDA:0,(anonymous_7)
FNDA:0,(anonymous_8)
FNDA:0,(anonymous_9)
FNDA:0,render
DA:5,0
DA:8,0
DA:9,0
DA:10,0
DA:11,0
DA:45,0
DA:46,0
DA:47,0
DA:48,0
DA:49,0
DA:50,0
DA:51,0
DA:53,0
DA:54,0
DA:56,0
DA:57,0
DA:59,0
DA:60,0
DA:62,0
DA:63,0
DA:66,0
DA:67,0
DA:69,0
DA:70,0
DA:71,0
DA:72,0
DA:73,0
DA:76,0
DA:77,0
DA:80,0
DA:89,0
DA:92,0
DA:96,0
DA:100,0
DA:104,0
DA:105,0
DA:106,0
DA:107,0
DA:109,0
DA:123,0
LF:40
LH:0
BRDA:66,0,0,0
BRDA:66,0,1,0
BRDA:71,1,0,0
BRDA:71,1,1,0
BRF:4
BRH:0
end_of_record
TN:
SF:src/components/Identicon.vue
FN:22,(anonymous_0)
FN:26,(anonymous_1)
FN:29,(anonymous_2)
FN:32,(anonymous_3)
FN:63,render
FN:76,(anonymous_5)
FNF:6
FNH:0
FNDA:0,(anonymous_0)
FNDA:0,(anonymous_1)
FNDA:0,(anonymous_2)
FNDA:0,(anonymous_3)
FNDA:0,render
FNDA:0,(anonymous_5)
DA:3,0
DA:6,0
DA:7,0
DA:8,0
DA:9,0
DA:10,0
DA:11,0
DA:12,0
DA:13,0
DA:23,0
DA:24,0
DA:25,0
DA:26,0
DA:27,0
DA:29,0
DA:30,0
DA:32,0
DA:33,0
DA:34,0
DA:35,0
DA:39,0
DA:42,0
DA:49,0
DA:53,0
DA:57,0
DA:58,0
DA:59,0
DA:60,0
DA:61,0
DA:62,0
DA:64,0
DA:77,0
DA:88,0
LF:33
LH:0
BRDA:33,0,0,0
BRDA:33,0,1,0
BRDA:65,1,0,0
BRDA:65,1,1,0
BRF:4
BRH:0
end_of_record
TN:
SF:src/components/InfiniteScroll.vue
FN:18,(anonymous_0)
FN:25,(anonymous_1)
FN:30,(anonymous_2)
FN:55,render
FNF:4
FNH:0
FNDA:0,(anonymous_0)
FNDA:0,(anonymous_1)
FNDA:0,(anonymous_2)
FNDA:0,render
DA:3,0
DA:6,0
DA:7,0
DA:8,0
DA:9,0
DA:19,0
DA:20,0
DA:21,0
DA:22,0
DA:23,0
DA:24,0
DA:25,0
DA:26,0
DA:28,0
DA:31,0
DA:34,0
DA:40,0
DA:44,0
DA:48,0
DA:49,0
DA:50,0
DA:51,0
DA:56,0
DA:60,0
LF:24
LH:0
BRF:0
BRH:0
end_of_record
TN:
SF:src/components/InfoRow.vue
FN:82,(anonymous_0)
FN:88,(anonymous_1)
FN:108,render
FN:124,(anonymous_3)
FN:126,(anonymous_4)
FNF:5
FNH:0
FNDA:0,(anonymous_0)
FNDA:0,(anonymous_1)
FNDA:0,render
FNDA:0,(anonymous_3)
FNDA:0,(anonymous_4)
DA:3,0
DA:6,0
DA:7,0
DA:8,0
DA:9,0
DA:83,0
DA:89,0
DA:90,0
DA:91,0
DA:92,0
DA:93,0
DA:97,0
DA:101,0
DA:105,0
DA:106,0
DA:107,0
DA:109,0
DA:124,0
DA:126,0
DA:133,0
LF:20
LH:0
BRDA:124,0,0,0
BRDA:124,0,1,0
BRF:2
BRH:0
end_of_record
TN:
SF:src/components/InformationBlock.vue
FN:15,(anonymous_0)
FN:35,render
FNF:2
FNH:0
FNDA:0,(anonymous_0)
FNDA:0,render
DA:3,0
DA:6,0
DA:7,0
DA:16,0
DA:17,0
DA:18,0
DA:19,0
DA:23,0
DA:27,0
DA:28,0
DA:29,0
DA:30,0
DA:31,0
DA:36,0
DA:37,0
DA:45,0
LF:16
LH:0
BRF:0
BRH:0
end_of_record
TN:
SF:src/components/InputWithIcon.vue
FN:33,(anonymous_0)
FN:39,(anonymous_1)
FN:42,(anonymous_2)
FN:45,(anonymous_3)
FN:48,(anonymous_4)
FN:70,render
FN:94,(anonymous_6)
FNF:7
FNH:0
FNDA:0,(anonymous_0)
FNDA:0,(anonymous_1)
FNDA:0,(anonymous_2)
FNDA:0,(anonymous_3)
FNDA:0,(anonymous_4)
FNDA:0,render
FNDA:0,(anonymous_6)
DA:3,0
DA:6,0
DA:7,0
DA:8,0
DA:34,0
DA:35,0
DA:36,0
DA:37,0
DA:38,0
DA:39,0
DA:40,0
DA:42,0
DA:43,0
DA:45,0
DA:46,0
DA:48,0
DA:49,0
DA:51,0
DA:59,0
DA:63,0
DA:67,0
DA:68,0
DA:69,0
DA:71,0
DA:72,0
DA:73,0
DA:74,0
DA:75,0
DA:94,0
DA:116,0
LF:30
LH:0
BRDA:40,0,0,0
BRDA:40,0,1,0
BRDA:46,1,0,0
BRDA:46,1,1,0
BRDA:88,2,0,0
BRDA:88,2,1,0
BRDA:102,3,0,0
BRDA:102,3,1,0
BRF:8
BRH:0
end_of_record
TN:
SF:src/components/LazyRender.vue
FN:33,(anonymous_0)
FN:40,(anonymous_1)
FN:43,(anonymous_2)
FN:50,(anonymous_3)
FN:54,(anonymous_4)
FN:57,(anonymous_5)
FN:58,(anonymous_6)
FN:59,(anonymous_7)
FN:89,render
FNF:9
FNH:0
FNDA:0,(anonymous_0)
FNDA:0,(anonymous_1)
FNDA:0,(anonymous_2)
FNDA:0,(anonymous_3)
FNDA:0,(anonymous_4)
FNDA:0,(anonymous_5)
FNDA:0,(anonymous_6)
FNDA:0,(anonymous_7)
FNDA:0,render
DA:3,0
DA:6,0
DA:7,0
DA:8,0
DA:34,0
DA:35,0
DA:36,0
DA:37,0
DA:38,0
DA:39,0
DA:40,0
DA:41,0
DA:43,0
DA:44,0
DA:50,0
DA:51,0
DA:53,0
DA:54,0
DA:55,0
DA:57,0
DA:58,0
DA:59,0
DA:60,0
DA:61,0
DA:62,0
DA:63,0
DA:66,0
DA:68,0
DA:78,0
DA:82,0
DA:86,0
DA:87,0
DA:88,0
DA:90,0
DA:91,0
DA:107,0
LF:36
LH:0
BRDA:61,0,0,0
BRDA:61,0,1,0
BRDA:62,1,0,0
BRDA:62,1,1,0
BRDA:62,2,0,0
BRDA:62,2,1,0
BRDA:96,3,0,0
BRDA:96,3,1,0
BRDA:98,4,0,0
BRDA:98,4,1,0
BRF:10
BRH:0
end_of_record
TN:
SF:src/components/Loader.vue
FN:15,render
FNF:1
FNH:0
FNDA:0,render
DA:3,0
DA:6,0
DA:7,0
DA:8,0
DA:12,0
DA:16,0
DA:17,0
DA:21,0
LF:8
LH:0
BRF:0
BRH:0
end_of_record
TN:
SF:src/components/Loading.vue
FN:16,(anonymous_0)
FN:19,(anonymous_1)
FN:41,render
FNF:3
FNH:0
FNDA:0,(anonymous_0)
FNDA:0,(anonymous_1)
FNDA:0,render
DA:3,0
DA:6,0
DA:7,0
DA:17,0
DA:18,0
DA:19,0
DA:20,0
DA:24,0
DA:25,0
DA:26,0
DA:30,0
DA:34,0
DA:38,0
DA:39,0
DA:40,0
DA:42,0
DA:43,0
DA:48,0
LF:18
LH:0
BRF:0
BRH:0
end_of_record
TN:
SF:src/components/Logo.vue
FN:41,(anonymous_0)
FN:71,(anonymous_1)
FN:74,(anonymous_2)
FN:77,(anonymous_3)
FN:82,(anonymous_4)
FN:86,(anonymous_5)
FN:92,(anonymous_6)
FN:130,render
FNF:8
FNH:0
FNDA:0,(anonymous_0)
FNDA:0,(anonymous_1)
FNDA:0,(anonymous_2)
FNDA:0,(anonymous_3)
FNDA:0,(anonymous_4)
FNDA:0,(anonymous_5)
FNDA:0,(anonymous_6)
FNDA:0,render
DA:3,0
DA:6,0
DA:7,0
DA:8,0
DA:9,0
DA:10,0
DA:42,0
DA:43,0
DA:44,0
DA:45,0
DA:46,0
DA:47,0
DA:53,0
DA:71,0
DA:72,0
DA:74,0
DA:75,0
DA:77,0
DA:78,0
DA:82,0
DA:84,0
DA:86,0
DA:87,0
DA:92,0
DA:94,0
DA:96,0
DA:109,0
DA:113,0
DA:117,0
DA:118,0
DA:119,0
DA:120,0
DA:121,0
DA:122,0
DA:126,0
DA:131,0
DA:132,0
DA:166,0
LF:38
LH:0
BRDA:84,0,0,0
BRDA:84,0,1,0
BRDA:84,1,0,0
BRDA:84,1,1,0
BRDA:94,2,0,0
BRDA:94,2,1,0
BRDA:94,3,0,0
BRDA:94,3,1,0
BRDA:133,4,0,0
BRDA:133,4,1,0
BRDA:135,5,0,0
BRDA:135,5,1,0
BRDA:135,6,0,0
BRDA:135,6,1,0
BRDA:158,7,0,0
BRDA:158,7,1,0
BRDA:161,8,0,0
BRDA:161,8,1,0
BRF:18
BRH:0
end_of_record
TN:
SF:src/components/NotificationPopup.vue
FN:14,(anonymous_0)
FN:68,(anonymous_1)
FN:74,(anonymous_2)
FN:77,(anonymous_3)
FN:80,(anonymous_4)
FN:106,render
FN:117,(anonymous_6)
FN:119,(anonymous_7)
FN:143,(anonymous_8)
FN:152,(anonymous_9)
FNF:10
FNH:0
FNDA:0,(anonymous_0)
FNDA:0,(anonymous_1)
FNDA:0,(anonymous_2)
FNDA:0,(anonymous_3)
FNDA:0,(anonymous_4)
FNDA:0,render
FNDA:0,(anonymous_6)
FNDA:0,(anonymous_7)
FNDA:0,(anonymous_8)
FNDA:0,(anonymous_9)
DA:3,0
DA:6,0
DA:7,0
DA:8,0
DA:15,0
DA:69,0
DA:70,0
DA:71,0
DA:72,0
DA:73,0
DA:74,0
DA:75,0
DA:77,0
DA:78,0
DA:80,0
DA:81,0
DA:83,0
DA:90,0
DA:94,0
DA:98,0
DA:99,0
DA:100,0
DA:101,0
DA:102,0
DA:107,0
DA:108,0
DA:109,0
DA:110,0
DA:111,0
DA:117,0
DA:119,0
DA:143,0
DA:152,0
DA:160,0
LF:34
LH:0
BRDA:117,0,0,0
BRDA:117,0,1,0
BRDA:121,1,0,0
BRDA:121,1,1,0
BRDA:129,2,0,0
BRDA:129,2,1,0
BRDA:137,3,0,0
BRDA:137,3,1,0
BRDA:143,4,0,0
BRDA:143,4,1,0
BRDA:146,5,0,0
BRDA:146,5,1,0
BRDA:152,6,0,0
BRDA:152,6,1,0
BRF:14
BRH:0
end_of_record
TN:
SF:src/components/Popup.vue
FN:112,(anonymous_0)
FN:119,(anonymous_1)
FN:127,(anonymous_2)
FN:134,(anonymous_3)
FN:140,(anonymous_4)
FN:143,(anonymous_5)
FN:150,(anonymous_6)
FN:156,(anonymous_7)
FN:161,(anonymous_8)
FN:164,(anonymous_9)
FN:167,(anonymous_10)
FN:170,(anonymous_11)
FN:173,(anonymous_12)
FN:206,render
FN:224,(anonymous_14)
FN:269,(anonymous_15)
FN:278,(anonymous_16)
FNF:17
FNH:0
FNDA:0,(anonymous_0)
FNDA:0,(anonymous_1)
FNDA:0,(anonymous_2)
FNDA:0,(anonymous_3)
FNDA:0,(anonymous_4)
FNDA:0,(anonymous_5)
FNDA:0,(anonymous_6)
FNDA:0,(anonymous_7)
FNDA:0,(anonymous_8)
FNDA:0,(anonymous_9)
FNDA:0,(anonymous_10)
FNDA:0,(anonymous_11)
FNDA:0,(anonymous_12)
FNDA:0,render
FNDA:0,(anonymous_14)
FNDA:0,(anonymous_15)
FNDA:0,(anonymous_16)
DA:5,0
DA:8,0
DA:9,0
DA:10,0
DA:11,0
DA:113,0
DA:114,0
DA:115,0
DA:116,0
DA:117,0
DA:118,0
DA:119,0
DA:120,0
DA:124,0
DA:125,0
DA:127,0
DA:128,0
DA:131,0
DA:132,0
DA:134,0
DA:135,0
DA:136,0
DA:137,0
DA:138,0
DA:140,0
DA:141,0
DA:143,0
DA:144,0
DA:150,0
DA:151,0
DA:152,0
DA:153,0
DA:154,0
DA:156,0
DA:157,0
DA:158,0
DA:159,0
DA:161,0
DA:162,0
DA:164,0
DA:165,0
DA:167,0
DA:168,0
DA:170,0
DA:171,0
DA:173,0
DA:175,0
DA:177,0
DA:193,0
DA:197,0
DA:201,0
DA:202,0
DA:203,0
DA:204,0
DA:205,0
DA:207,0
DA:208,0
DA:209,0
DA:210,0
DA:211,0
DA:212,0
DA:213,0
DA:224,0
DA:269,0
DA:278,0
DA:291,0
LF:66
LH:0
BRDA:120,0,0,0
BRDA:120,0,1,0
BRDA:121,1,0,0
BRDA:121,1,1,0
BRDA:124,2,0,0
BRDA:124,2,1,0
BRDA:131,3,0,0
BRDA:131,3,1,0
BRDA:136,4,0,0
BRDA:136,4,1,0
BRDA:137,5,0,0
BRDA:137,5,1,0
BRDA:141,6,0,0
BRDA:141,6,1,0
BRDA:152,7,0,0
BRDA:152,7,1,0
BRDA:153,8,0,0
BRDA:153,8,1,0
BRDA:153,9,0,0
BRDA:153,9,1,0
BRDA:157,10,0,0
BRDA:157,10,1,0
BRDA:158,11,0,0
BRDA:158,11,1,0
BRDA:162,12,0,0
BRDA:162,12,1,0
BRDA:175,13,0,0
BRDA:175,13,1,0
BRDA:175,14,0,0
BRDA:175,14,1,0
BRDA:175,15,0,0
BRDA:175,15,1,0
BRDA:175,16,0,0
BRDA:175,16,1,0
BRDA:229,17,0,0
BRDA:229,17,1,0
BRDA:234,18,0,0
BRDA:234,18,1,0
BRDA:243,19,0,0
BRDA:243,19,1,0
BRDA:245,20,0,0
BRDA:245,20,1,0
BRDA:252,21,0,0
BRDA:252,21,1,0
BRDA:261,22,0,0
BRDA:261,22,1,0
BRF:46
BRH:0
end_of_record
TN:
SF:src/components/ProgressBar.vue
FN:22,(anonymous_0)
FN:26,(anonymous_1)
FN:29,(anonymous_2)
FN:33,(anonymous_3)
FN:55,render
FNF:5
FNH:0
FNDA:0,(anonymous_0)
FNDA:0,(anonymous_1)
FNDA:0,(anonymous_2)
FNDA:0,(anonymous_3)
FNDA:0,render
DA:3,0
DA:6,0
DA:7,0
DA:8,0
DA:23,0
DA:24,0
DA:25,0
DA:26,0
DA:27,0
DA:29,0
DA:30,0
DA:31,0
DA:33,0
DA:34,0
DA:38,0
DA:44,0
DA:48,0
DA:52,0
DA:53,0
DA:54,0
DA:56,0
DA:67,0
LF:22
LH:0
BRF:0
BRH:0
end_of_record
TN:
SF:src/components/QR.vue
FN:43,(anonymous_0)
FN:49,(anonymous_1)
FN:54,(anonymous_2)
FN:55,(anonymous_3)
FN:57,(anonymous_4)
FN:79,(anonymous_5)
FN:82,(anonymous_6)
FN:84,(anonymous_7)
FN:106,render
FNF:9
FNH:0
FNDA:0,(anonymous_0)
FNDA:0,(anonymous_1)
FNDA:0,(anonymous_2)
FNDA:0,(anonymous_3)
FNDA:0,(anonymous_4)
FNDA:0,(anonymous_5)
FNDA:0,(anonymous_6)
FNDA:0,(anonymous_7)
FNDA:0,render
DA:3,0
DA:6,0
DA:7,0
DA:8,0
DA:9,0
DA:10,0
DA:44,0
DA:45,0
DA:46,0
DA:47,0
DA:48,0
DA:49,0
DA:50,0
DA:54,0
DA:55,0
DA:57,0
DA:58,0
DA:60,0
DA:61,0
DA:62,0
DA:73,0
DA:74,0
DA:79,0
DA:80,0
DA:82,0
DA:83,0
DA:85,0
DA:87,0
DA:93,0
DA:97,0
DA:101,0
DA:102,0
DA:103,0
DA:104,0
DA:105,0
DA:107,0
DA:108,0
DA:123,0
LF:38
LH:0
BRDA:58,0,0,0
BRDA:58,0,1,0
BRDA:60,1,0,0
BRDA:60,1,1,0
BRDA:113,2,0,0
BRDA:113,2,1,0
BRF:6
BRH:0
end_of_record
TN:
SF:src/components/Rotate.vue
FN:17,(anonymous_0)
FN:22,(anonymous_1)
FN:28,(anonymous_2)
FN:30,(anonymous_3)
FN:33,(anonymous_4)
FN:52,render
FNF:6
FNH:0
FNDA:0,(anonymous_0)
FNDA:0,(anonymous_1)
FNDA:0,(anonymous_2)
FNDA:0,(anonymous_3)
FNDA:0,(anonymous_4)
FNDA:0,render
DA:3,0
DA:6,0
DA:7,0
DA:8,0
DA:18,0
DA:19,0
DA:20,0
DA:21,0
DA:22,0
DA:23,0
DA:28,0
DA:29,0
DA:31,0
DA:33,0
DA:34,0
DA:36,0
DA:41,0
DA:45,0
DA:49,0
DA:50,0
DA:51,0
DA:53,0
DA:59,0
LF:23
LH:0
BRDA:25,0,0,0
BRDA:25,0,1,0
BRF:2
BRH:0
end_of_record
TN:
SF:src/components/Row.vue
FN:65,(anonymous_0)
FN:86,(anonymous_1)
FN:90,(anonymous_2)
FN:99,(anonymous_3)
FN:103,(anonymous_4)
FN:106,(anonymous_5)
FN:109,(anonymous_6)
FN:112,(anonymous_7)
FN:119,(anonymous_8)
FN:122,(anonymous_9)
FN:163,render
FN:199,(anonymous_11)
FNF:12
FNH:0
FNDA:0,(anonymous_0)
FNDA:0,(anonymous_1)
FNDA:0,(anonymous_2)
FNDA:0,(anonymous_3)
FNDA:0,(anonymous_4)
FNDA:0,(anonymous_5)
FNDA:0,(anonymous_6)
FNDA:0,(anonymous_7)
FNDA:0,(anonymous_8)
FNDA:0,(anonymous_9)
FNDA:0,render
FNDA:0,(anonymous_11)
DA:5,0
DA:8,0
DA:9,0
DA:10,0
DA:66,0
DA:87,0
DA:88,0
DA:89,0
DA:90,0
DA:91,0
DA:97,0
DA:98,0
DA:99,0
DA:100,0
DA:101,0
DA:103,0
DA:104,0
DA:106,0
DA:107,0
DA:109,0
DA:110,0
DA:112,0
DA:113,0
DA:114,0
DA:115,0
DA:116,0
DA:117,0
DA:119,0
DA:120,0
DA:122,0
DA:123,0
DA:125,0
DA:136,0
DA:140,0
DA:144,0
DA:145,0
DA:146,0
DA:147,0
DA:151,0
DA:152,0
DA:156,0
DA:157,0
DA:161,0
DA:162,0
DA:164,0
DA:165,0
DA:166,0
DA:199,0
DA:216,0
LF:49
LH:0
BRDA:100,0,0,0
BRDA:100,0,1,0
BRDA:107,1,0,0
BRDA:107,1,1,0
BRDA:110,2,0,0
BRDA:110,2,1,0
BRDA:114,3,0,0
BRDA:114,3,1,0
BRDA:115,4,0,0
BRDA:115,4,1,0
BRDA:116,5,0,0
BRDA:116,5,1,0
BRDA:120,6,0,0
BRDA:120,6,1,0
BRDA:123,7,0,0
BRDA:123,7,1,0
BRDA:171,8,0,0
BRDA:171,8,1,0
BRDA:179,9,0,0
BRDA:179,9,1,0
BRDA:186,10,0,0
BRDA:186,10,1,0
BRDA:192,11,0,0
BRDA:192,11,1,0
BRDA:199,12,0,0
BRDA:199,12,1,0
BRDA:205,13,0,0
BRDA:205,13,1,0
BRDA:205,14,0,0
BRDA:205,14,1,0
BRF:30
BRH:0
end_of_record
TN:
SF:src/components/Scroll.vue
FN:11,render
FNF:1
FNH:0
FNDA:0,render
DA:3,0
DA:6,0
DA:7,0
DA:8,0
DA:12,0
DA:13,0
LF:6
LH:0
BRF:0
BRH:0
end_of_record
TN:
SF:src/components/SearchInput.vue
FN:28,(anonymous_0)
FN:34,(anonymous_1)
FN:37,(anonymous_2)
FN:63,render
FNF:4
FNH:0
FNDA:0,(anonymous_0)
FNDA:0,(anonymous_1)
FNDA:0,(anonymous_2)
FNDA:0,render
DA:3,0
DA:6,0
DA:7,0
DA:8,0
DA:29,0
DA:30,0
DA:31,0
DA:32,0
DA:33,0
DA:34,0
DA:35,0
DA:37,0
DA:38,0
DA:39,0
DA:40,0
DA:42,0
DA:48,0
DA:52,0
DA:56,0
DA:57,0
DA:58,0
DA:59,0
DA:64,0
DA:65,0
DA:66,0
DA:77,0
LF:26
LH:0
BRDA:39,0,0,0
BRDA:39,0,1,0
BRF:2
BRH:0
end_of_record
TN:
SF:src/components/SelectInput.vue
FN:71,(anonymous_0)
FN:95,(anonymous_1)
FN:98,(anonymous_2)
FN:103,(anonymous_3)
FN:106,(anonymous_4)
FN:110,(anonymous_5)
FN:113,(anonymous_6)
FN:116,(anonymous_7)
FN:120,(anonymous_8)
FN:134,(anonymous_9)
FN:158,(anonymous_10)
FN:159,(anonymous_11)
FN:164,(anonymous_12)
FN:168,(anonymous_13)
FN:171,(anonymous_14)
FN:176,(anonymous_15)
FN:181,(anonymous_16)
FN:186,(anonymous_17)
FN:189,(anonymous_18)
FN:200,(anonymous_19)
FN:204,(anonymous_20)
FN:278,render
FN:287,(anonymous_22)
FN:294,(anonymous_23)
FN:298,(anonymous_24)
FN:299,(anonymous_25)
FN:311,(anonymous_26)
FN:332,(anonymous_27)
FNF:28
FNH:0
FNDA:0,(anonymous_0)
FNDA:0,(anonymous_1)
FNDA:0,(anonymous_2)
FNDA:0,(anonymous_3)
FNDA:0,(anonymous_4)
FNDA:0,(anonymous_5)
FNDA:0,(anonymous_6)
FNDA:0,(anonymous_7)
FNDA:0,(anonymous_8)
FNDA:0,(anonymous_9)
FNDA:0,(anonymous_10)
FNDA:0,(anonymous_11)
FNDA:0,(anonymous_12)
FNDA:0,(anonymous_13)
FNDA:0,(anonymous_14)
FNDA:0,(anonymous_15)
FNDA:0,(anonymous_16)
FNDA:0,(anonymous_17)
FNDA:0,(anonymous_18)
FNDA:0,(anonymous_19)
FNDA:0,(anonymous_20)
FNDA:0,render
FNDA:0,(anonymous_22)
FNDA:0,(anonymous_23)
FNDA:0,(anonymous_24)
FNDA:0,(anonymous_25)
FNDA:0,(anonymous_26)
FNDA:0,(anonymous_27)
DA:3,0
DA:6,0
DA:7,0
DA:8,0
DA:9,0
DA:10,0
DA:11,0
DA:72,0
DA:73,0
DA:74,0
DA:75,0
DA:76,0
DA:77,0
DA:78,0
DA:79,0
DA:80,0
DA:81,0
DA:82,0
DA:83,0
DA:84,0
DA:85,0
DA:86,0
DA:87,0
DA:88,0
DA:89,0
DA:90,0
DA:91,0
DA:92,0
DA:93,0
DA:94,0
DA:96,0
DA:99,0
DA:102,0
DA:104,0
DA:107,0
DA:110,0
DA:111,0
DA:113,0
DA:114,0
DA:116,0
DA:117,0
DA:119,0
DA:121,0
DA:122,0
DA:123,0
DA:124,0
DA:125,0
DA:126,0
DA:127,0
DA:128,0
DA:129,0
DA:130,0
DA:132,0
DA:136,0
DA:137,0
DA:138,0
DA:139,0
DA:140,0
DA:142,0
DA:143,0
DA:144,0
DA:145,0
DA:146,0
DA:147,0
DA:148,0
DA:149,0
DA:151,0
DA:152,0
DA:154,0
DA:158,0
DA:159,0
DA:160,0
DA:161,0
DA:164,0
DA:166,0
DA:168,0
DA:169,0
DA:171,0
DA:172,0
DA:176,0
DA:177,0
DA:181,0
DA:182,0
DA:186,0
DA:187,0
DA:189,0
DA:190,0
DA:191,0
DA:192,0
DA:193,0
DA:194,0
DA:195,0
DA:196,0
DA:200,0
DA:201,0
DA:202,0
DA:204,0
DA:205,0
DA:206,0
DA:208,0
DA:243,0
DA:247,0
DA:251,0
DA:252,0
DA:253,0
DA:254,0
DA:255,0
DA:259,0
DA:260,0
DA:264,0
DA:265,0
DA:269,0
DA:273,0
DA:279,0
DA:280,0
DA:281,0
DA:282,0
DA:283,0
DA:287,0
DA:294,0
DA:298,0
DA:299,0
DA:311,0
DA:332,0
DA:361,0
LF:125
LH:0
BRDA:111,0,0,0
BRDA:111,0,1,0
BRDA:114,1,0,0
BRDA:114,1,1,0
BRDA:121,2,0,0
BRDA:121,2,1,0
BRDA:122,3,0,0
BRDA:122,3,1,0
BRDA:123,4,0,0
BRDA:123,4,1,0
BRDA:127,5,0,0
BRDA:127,5,1,0
BRDA:128,6,0,0
BRDA:128,6,1,0
BRDA:129,7,0,0
BRDA:129,7,1,0
BRDA:132,8,0,0
BRDA:132,8,1,0
BRDA:137,9,0,0
BRDA:137,9,1,0
BRDA:137,10,0,0
BRDA:137,10,1,0
BRDA:138,11,0,0
BRDA:138,11,1,0
BRDA:142,12,0,0
BRDA:142,12,1,0
BRDA:142,13,0,0
BRDA:142,13,1,0
BRDA:143,14,0,0
BRDA:143,14,1,0
BRDA:147,15,0,0
BRDA:147,15,1,0
BRDA:166,16,0,0
BRDA:166,16,1,0
BRDA:166,17,0,0
BRDA:166,17,1,0
BRDA:183,18,0,0
BRDA:183,18,1,0
BRDA:187,19,0,0
BRDA:187,19,1,0
BRDA:187,20,0,0
BRDA:187,20,1,0
BRDA:191,21,0,0
BRDA:191,21,1,0
BRDA:195,22,0,0
BRDA:195,22,1,0
BRDA:195,23,0,0
BRDA:195,23,1,0
BRDA:201,24,0,0
BRDA:201,24,1,0
BRDA:205,25,0,0
BRDA:205,25,1,0
BRDA:294,26,0,0
BRDA:294,26,1,0
BRDA:298,27,0,0
BRDA:298,27,1,0
BRDA:299,28,0,0
BRDA:299,28,1,0
BRDA:316,29,0,0
BRDA:316,29,1,0
BRDA:326,30,0,0
BRDA:326,30,1,0
BRDA:345,31,0,0
BRDA:345,31,1,0
BRF:64
BRH:0
end_of_record
TN:
SF:src/components/SelectPopup.vue
FN:101,(anonymous_0)
FN:112,(anonymous_1)
FN:115,(anonymous_2)
FN:125,(anonymous_3)
FN:128,(anonymous_4)
FN:131,(anonymous_5)
FN:136,(anonymous_6)
FN:139,(anonymous_7)
FN:142,(anonymous_8)
FN:169,(anonymous_9)
FN:197,render
FN:218,(anonymous_11)
FN:219,(anonymous_12)
FN:221,(anonymous_13)
FN:222,(anonymous_14)
FN:226,(anonymous_15)
FNF:16
FNH:0
FNDA:0,(anonymous_0)
FNDA:0,(anonymous_1)
FNDA:0,(anonymous_2)
FNDA:0,(anonymous_3)
FNDA:0,(anonymous_4)
FNDA:0,(anonymous_5)
FNDA:0,(anonymous_6)
FNDA:0,(anonymous_7)
FNDA:0,(anonymous_8)
FNDA:0,(anonymous_9)
FNDA:0,render
FNDA:0,(anonymous_11)
FNDA:0,(anonymous_12)
FNDA:0,(anonymous_13)
FNDA:0,(anonymous_14)
FNDA:0,(anonymous_15)
DA:3,0
DA:6,0
DA:7,0
DA:8,0
DA:9,0
DA:10,0
DA:102,0
DA:103,0
DA:104,0
DA:105,0
DA:106,0
DA:107,0
DA:108,0
DA:109,0
DA:110,0
DA:111,0
DA:112,0
DA:114,0
DA:115,0
DA:116,0
DA:117,0
DA:119,0
DA:120,0
DA:121,0
DA:122,0
DA:123,0
DA:125,0
DA:126,0
DA:128,0
DA:129,0
DA:131,0
DA:132,0
DA:136,0
DA:137,0
DA:139,0
DA:140,0
DA:142,0
DA:143,0
DA:145,0
DA:161,0
DA:165,0
DA:169,0
DA:170,0
DA:171,0
DA:172,0
DA:173,0
DA:176,0
DA:178,0
DA:179,0
DA:180,0
DA:181,0
DA:182,0
DA:186,0
DA:190,0
DA:191,0
DA:192,0
DA:198,0
DA:199,0
DA:200,0
DA:201,0
DA:202,0
DA:218,0
DA:219,0
DA:221,0
DA:223,0
DA:226,0
DA:269,0
LF:67
LH:0
BRDA:119,0,0,0
BRDA:119,0,1,0
BRDA:121,1,0,0
BRDA:121,1,1,0
BRDA:121,2,0,0
BRDA:121,2,1,0
BRDA:121,3,0,0
BRDA:121,3,1,0
BRDA:121,4,0,0
BRDA:121,4,1,0
BRDA:169,5,0,0
BRDA:169,5,1,0
BRDA:169,5,2,0
BRDA:170,6,0,0
BRDA:170,6,1,0
BRDA:170,7,0,0
BRDA:170,7,1,0
BRDA:171,8,0,0
BRDA:171,8,1,0
BRDA:171,9,0,0
BRDA:171,9,1,0
BRDA:172,10,0,0
BRDA:172,10,1,0
BRDA:176,11,0,0
BRDA:176,11,1,0
BRDA:218,12,0,0
BRDA:218,12,1,0
BRDA:219,13,0,0
BRDA:219,13,1,0
BRDA:229,14,0,0
BRDA:229,14,1,0
BRDA:231,15,0,0
BRDA:231,15,1,0
BRDA:237,16,0,0
BRDA:237,16,1,0
BRDA:250,17,0,0
BRDA:250,17,1,0
BRDA:262,18,0,0
BRDA:262,18,1,0
BRF:39
BRH:0
end_of_record
TN:
SF:src/components/Shimmer.vue
FN:27,(anonymous_0)
FN:31,(anonymous_1)
FN:37,(anonymous_2)
FN:56,render
FNF:4
FNH:0
FNDA:0,(anonymous_0)
FNDA:0,(anonymous_1)
FNDA:0,(anonymous_2)
FNDA:0,render
DA:3,0
DA:6,0
DA:7,0
DA:8,0
DA:28,0
DA:29,0
DA:30,0
DA:31,0
DA:32,0
DA:33,0
DA:34,0
DA:35,0
DA:37,0
DA:38,0
DA:40,0
DA:45,0
DA:49,0
DA:53,0
DA:54,0
DA:55,0
DA:57,0
DA:62,0
LF:22
LH:0
BRDA:33,0,0,0
BRDA:33,0,1,0
BRDA:34,1,0,0
BRDA:34,1,1,0
BRF:4
BRH:0
end_of_record
TN:
SF:src/components/Slider.vue
FN:42,(anonymous_0)
FN:49,(anonymous_1)
FN:52,(anonymous_2)
FN:72,render
FN:76,(anonymous_4)
FN:84,(anonymous_5)
FNF:6
FNH:0
FNDA:0,(anonymous_0)
FNDA:0,(anonymous_1)
FNDA:0,(anonymous_2)
FNDA:0,render
FNDA:0,(anonymous_4)
FNDA:0,(anonymous_5)
DA:3,0
DA:6,0
DA:7,0
DA:8,0
DA:43,0
DA:44,0
DA:45,0
DA:46,0
DA:47,0
DA:48,0
DA:50,0
DA:53,0
DA:56,0
DA:61,0
DA:65,0
DA:69,0
DA:70,0
DA:71,0
DA:73,0
DA:74,0
DA:76,0
DA:84,0
DA:87,0
LF:23
LH:0
BRDA:76,0,0,0
BRDA:76,0,1,0
BRDA:84,1,0,0
BRDA:84,1,1,0
BRF:4
BRH:0
end_of_record
TN:
SF:src/components/Switcher.vue
FN:33,(anonymous_0)
FN:40,(anonymous_1)
FN:43,(anonymous_2)
FN:47,(anonymous_3)
FN:50,(anonymous_4)
FN:53,(anonymous_5)
FN:75,render
FN:79,(anonymous_7)
FNF:8
FNH:0
FNDA:0,(anonymous_0)
FNDA:0,(anonymous_1)
FNDA:0,(anonymous_2)
FNDA:0,(anonymous_3)
FNDA:0,(anonymous_4)
FNDA:0,(anonymous_5)
FNDA:0,render
FNDA:0,(anonymous_7)
DA:3,0
DA:6,0
DA:7,0
DA:8,0
DA:34,0
DA:35,0
DA:36,0
DA:37,0
DA:38,0
DA:39,0
DA:41,0
DA:44,0
DA:47,0
DA:48,0
DA:50,0
DA:51,0
DA:53,0
DA:54,0
DA:56,0
DA:64,0
DA:68,0
DA:72,0
DA:73,0
DA:74,0
DA:76,0
DA:77,0
DA:79,0
DA:87,0
LF:28
LH:0
BRDA:79,0,0,0
BRDA:79,0,1,0
BRF:2
BRH:0
end_of_record
TN:
SF:src/components/TabButton.vue
FN:41,(anonymous_0)
FN:45,(anonymous_1)
FN:66,render
FN:71,(anonymous_3)
FN:76,(anonymous_4)
FNF:5
FNH:0
FNDA:0,(anonymous_0)
FNDA:0,(anonymous_1)
FNDA:0,render
FNDA:0,(anonymous_3)
FNDA:0,(anonymous_4)
DA:3,0
DA:6,0
DA:7,0
DA:8,0
DA:42,0
DA:43,0
DA:44,0
DA:45,0
DA:46,0
DA:50,0
DA:54,0
DA:58,0
DA:62,0
DA:63,0
DA:64,0
DA:65,0
DA:67,0
DA:68,0
DA:69,0
DA:71,0
DA:76,0
DA:91,0
LF:22
LH:0
BRDA:76,0,0,0
BRDA:76,0,1,0
BRDA:81,1,0,0
BRDA:81,1,1,0
BRF:4
BRH:0
end_of_record
TN:
SF:src/components/Tabs.vue
FN:20,(anonymous_0)
FN:37,render
FN:44,(anonymous_2)
FN:52,(anonymous_3)
FNF:4
FNH:0
FNDA:0,(anonymous_0)
FNDA:0,render
FNDA:0,(anonymous_2)
FNDA:0,(anonymous_3)
DA:3,0
DA:6,0
DA:7,0
DA:21,0
DA:22,0
DA:23,0
DA:24,0
DA:28,0
DA:32,0
DA:33,0
DA:34,0
DA:35,0
DA:36,0
DA:38,0
DA:39,0
DA:45,0
DA:52,0
DA:57,0
LF:18
LH:0
BRF:0
BRH:0
end_of_record
TN:
SF:src/components/Tooltip.vue
FN:55,(anonymous_0)
FN:73,(anonymous_1)
FN:74,(anonymous_2)
FN:79,(anonymous_3)
FN:83,(anonymous_4)
FN:86,(anonymous_5)
FN:109,(anonymous_6)
FN:114,(anonymous_7)
FN:116,(anonymous_8)
FN:125,(anonymous_9)
FN:130,(anonymous_10)
FN:134,(anonymous_11)
FN:137,(anonymous_12)
FN:170,render
FNF:14
FNH:0
FNDA:0,(anonymous_0)
FNDA:0,(anonymous_1)
FNDA:0,(anonymous_2)
FNDA:0,(anonymous_3)
FNDA:0,(anonymous_4)
FNDA:0,(anonymous_5)
FNDA:0,(anonymous_6)
FNDA:0,(anonymous_7)
FNDA:0,(anonymous_8)
FNDA:0,(anonymous_9)
FNDA:0,(anonymous_10)
FNDA:0,(anonymous_11)
FNDA:0,(anonymous_12)
FNDA:0,render
DA:3,0
DA:6,0
DA:7,0
DA:8,0
DA:9,0
DA:10,0
DA:11,0
DA:56,0
DA:57,0
DA:58,0
DA:59,0
DA:60,0
DA:61,0
DA:62,0
DA:63,0
DA:64,0
DA:65,0
DA:66,0
DA:67,0
DA:68,0
DA:69,0
DA:70,0
DA:71,0
DA:72,0
DA:73,0
DA:74,0
DA:75,0
DA:77,0
DA:79,0
DA:80,0
DA:81,0
DA:83,0
DA:84,0
DA:85,0
DA:86,0
DA:87,0
DA:88,0
DA:89,0
DA:91,0
DA:92,0
DA:94,0
DA:95,0
DA:96,0
DA:97,0
DA:99,0
DA:100,0
DA:110,0
DA:115,0
DA:116,0
DA:117,0
DA:122,0
DA:123,0
DA:125,0
DA:126,0
DA:127,0
DA:129,0
DA:130,0
DA:131,0
DA:134,0
DA:135,0
DA:137,0
DA:138,0
DA:139,0
DA:141,0
DA:158,0
DA:162,0
DA:166,0
DA:167,0
DA:168,0
DA:169,0
DA:171,0
DA:173,0
LF:72
LH:0
BRDA:80,0,0,0
BRDA:80,0,1,0
BRDA:80,1,0,0
BRDA:80,1,1,0
BRDA:85,2,0,0
BRDA:85,2,1,0
BRDA:87,3,0,0
BRDA:87,3,1,0
BRDA:88,4,0,0
BRDA:88,4,1,0
BRDA:88,5,0,0
BRDA:88,5,1,0
BRDA:88,6,0,0
BRDA:88,6,1,0
BRDA:89,7,0,0
BRDA:89,7,1,0
BRDA:91,8,0,0
BRDA:91,8,1,0
BRDA:95,9,0,0
BRDA:95,9,1,0
BRDA:99,10,0,0
BRDA:99,10,1,0
BRDA:99,11,0,0
BRDA:99,11,1,0
BRDA:112,12,0,0
BRDA:112,12,1,0
BRDA:112,13,0,0
BRDA:112,13,1,0
BRDA:115,14,0,0
BRDA:115,14,1,0
BRDA:122,15,0,0
BRDA:122,15,1,0
BRDA:127,16,0,0
BRDA:127,16,1,0
BRF:34
BRH:0
end_of_record
TN:
SF:src/components/ValidatedInput.vue
FN:75,(anonymous_0)
FN:80,(anonymous_1)
FN:83,(anonymous_2)
FN:87,(anonymous_3)
FN:90,(anonymous_4)
FN:123,render
FNF:6
FNH:0
FNDA:0,(anonymous_0)
FNDA:0,(anonymous_1)
FNDA:0,(anonymous_2)
FNDA:0,(anonymous_3)
FNDA:0,(anonymous_4)
FNDA:0,render
DA:3,0
DA:6,0
DA:7,0
DA:8,0
DA:9,0
DA:10,0
DA:76,0
DA:77,0
DA:78,0
DA:79,0
DA:80,0
DA:81,0
DA:83,0
DA:84,0
DA:86,0
DA:87,0
DA:88,0
DA:90,0
DA:92,0
DA:94,0
DA:97,0
DA:107,0
DA:111,0
DA:115,0
DA:116,0
DA:117,0
DA:118,0
DA:119,0
DA:124,0
DA:125,0
DA:156,0
LF:31
LH:0
BRDA:88,0,0,0
BRDA:88,0,1,0
BRDA:92,1,0,0
BRDA:92,1,1,0
BRDA:92,2,0,0
BRDA:92,2,1,0
BRDA:143,3,0,0
BRDA:143,3,1,0
BRF:8
BRH:0
end_of_record
TN:
SF:src/components/index.ts
FN:103,(anonymous_0)
FN:104,(anonymous_1)
FNF:2
FNH:0
FNDA:0,(anonymous_0)
FNDA:0,(anonymous_1)
DA:2,0
DA:3,0
DA:4,0
DA:5,0
DA:6,0
DA:7,0
DA:8,0
DA:9,0
DA:10,0
DA:11,0
DA:12,0
DA:13,0
DA:14,0
DA:15,0
DA:16,0
DA:17,0
DA:18,0
DA:19,0
DA:20,0
DA:21,0
DA:22,0
DA:23,0
DA:24,0
DA:25,0
DA:26,0
DA:27,0
DA:28,0
DA:29,0
DA:30,0
DA:31,0
DA:32,0
DA:33,0
DA:34,0
DA:35,0
DA:36,0
DA:37,0
DA:38,0
DA:39,0
DA:40,0
DA:41,0
DA:42,0
DA:43,0
DA:44,0
DA:45,0
DA:46,0
DA:47,0
DA:48,0
DA:49,0
DA:51,0
DA:103,0
DA:104,0
DA:105,0
DA:109,0
LF:53
LH:0
BRF:0
BRH:0
end_of_record
TN:
SF:src/components/charts/Sparkline.vue
FN:15,(anonymous_0)
FN:30,(anonymous_1)
FN:35,(anonymous_2)
FN:39,(anonymous_3)
FN:48,(anonymous_4)
FN:58,(anonymous_5)
FN:63,(anonymous_6)
FN:67,(anonymous_7)
FN:75,(anonymous_8)
FN:94,(anonymous_9)
FN:109,render
FNF:11
FNH:0
FNDA:0,(anonymous_0)
FNDA:0,(anonymous_1)
FNDA:0,(anonymous_2)
FNDA:0,(anonymous_3)
FNDA:0,(anonymous_4)
FNDA:0,(anonymous_5)
FNDA:0,(anonymous_6)
FNDA:0,(anonymous_7)
FNDA:0,(anonymous_8)
FNDA:0,(anonymous_9)
FNDA:0,render
DA:3,0
DA:6,0
DA:7,0
DA:8,0
DA:9,0
DA:16,0
DA:31,0
DA:32,0
DA:33,0
DA:34,0
DA:35,0
DA:37,0
DA:38,0
DA:39,0
DA:40,0
DA:41,0
DA:43,0
DA:44,0
DA:45,0
DA:46,0
DA:47,0
DA:48,0
DA:49,0
DA:50,0
DA:51,0
DA:52,0
DA:58,0
DA:59,0
DA:60,0
DA:61,0
DA:62,0
DA:63,0
DA:64,0
DA:67,0
DA:68,0
DA:69,0
DA:70,0
DA:71,0
DA:72,0
DA:73,0
DA:74,0
DA:75,0
DA:76,0
DA:79,0
DA:86,0
DA:90,0
DA:94,0
DA:95,0
DA:96,0
DA:97,0
DA:98,0
DA:101,0
DA:103,0
DA:104,0
DA:105,0
DA:106,0
DA:107,0
DA:108,0
DA:110,0
DA:156,0
LF:60
LH:0
BRDA:37,0,0,0
BRDA:37,0,1,0
BRDA:37,1,0,0
BRDA:37,1,1,0
BRDA:38,2,0,0
BRDA:38,2,1,0
BRDA:45,3,0,0
BRDA:45,3,1,0
BRDA:50,4,0,0
BRDA:50,4,1,0
BRDA:59,5,0,0
BRDA:59,5,1,0
BRDA:68,6,0,0
BRDA:68,6,1,0
BRDA:94,7,0,0
BRDA:94,7,1,0
BRDA:94,7,2,0
BRDA:95,8,0,0
BRDA:95,8,1,0
BRDA:95,9,0,0
BRDA:95,9,1,0
BRDA:96,10,0,0
BRDA:96,10,1,0
BRDA:96,11,0,0
BRDA:96,11,1,0
BRDA:97,12,0,0
BRDA:97,12,1,0
BRDA:101,13,0,0
BRDA:101,13,1,0
BRDA:124,14,0,0
BRDA:124,14,1,0
BRDA:137,15,0,0
BRDA:137,15,1,0
BRDA:145,16,0,0
BRDA:145,16,1,0
BRF:35
BRH:0
end_of_record
TN:
SF:src/composables/useWalletMetadata.ts
FN:9,(anonymous_0)
FN:15,(anonymous_1)
FN:19,(anonymous_2)
FNF:3
FNH:0
FNDA:0,(anonymous_0)
FNDA:0,(anonymous_1)
FNDA:0,(anonymous_2)
DA:1,0
DA:3,0
DA:4,0
DA:5,0
DA:9,0
DA:10,0
DA:12,0
DA:15,0
DA:16,0
DA:17,0
DA:19,0
DA:20,0
DA:22,0
LF:13
LH:0
BRDA:10,0,0,0
BRDA:12,1,0,0
BRDA:12,1,1,0
BRDA:23,2,0,0
BRDA:23,2,1,0
BRDA:24,3,0,0
BRDA:24,3,1,0
BRDA:25,4,0,0
BRDA:25,4,1,0
BRDA:26,5,0,0
BRDA:26,5,1,0
BRDA:27,6,0,0
BRDA:27,6,1,0
BRDA:28,7,0,0
BRDA:28,7,1,0
BRF:15
BRH:0
end_of_record
TN:
SF:src/consts/currencies.ts
FNF:0
FNH:0
DA:1,0
DA:2,0
DA:4,0
DA:9,0
DA:14,0
DA:19,0
DA:21,0
LF:7
LH:0
BRF:0
BRH:0
end_of_record
TN:
SF:src/consts/derivationPath.ts
FNF:0
FNH:0
DA:3,0
DA:5,0
DA:16,0
DA:18,0
LF:4
LH:0
BRF:0
BRH:0
end_of_record
TN:
SF:src/consts/extensionInformation.ts
FNF:0
FNH:0
DA:1,0
DA:2,0
DA:4,0
DA:35,0
DA:50,0
DA:77,0
DA:92,0
LF:7
LH:0
BRF:0
BRH:0
end_of_record
TN:
SF:src/consts/global.ts
FNF:0
FNH:0
DA:1,1
DA:3,1
DA:4,1
DA:5,1
DA:6,1
DA:7,1
DA:8,1
DA:9,1
DA:10,1
DA:11,1
DA:12,1
DA:13,1
DA:14,1
DA:15,1
DA:16,1
DA:19,1
DA:20,1
DA:21,1
DA:22,1
DA:23,1
DA:24,1
DA:25,1
DA:26,1
DA:27,1
DA:28,1
DA:29,1
DA:30,1
DA:31,1
DA:32,1
LF:29
LH:29
BRDA:11,0,0,0
BRDA:11,0,1,1
BRDA:12,1,0,0
BRDA:12,1,1,1
BRDA:13,2,0,0
BRDA:13,2,1,1
BRF:6
BRH:3
end_of_record
TN:
SF:src/consts/globalClient.ts
FNF:0
FNH:0
DA:1,0
DA:3,0
DA:5,0
LF:3
LH:0
BRDA:3,0,0,0
BRDA:3,0,1,0
BRF:2
BRH:0
end_of_record
TN:
SF:src/consts/networks.ts
FNF:0
FNH:0
DA:3,1
DA:5,1
DA:26,1
DA:28,1
DA:29,1
DA:30,1
DA:31,1
DA:32,1
DA:33,1
DA:34,1
DA:35,1
DA:37,1
DA:39,1
DA:41,1
DA:51,1
DA:53,1
DA:54,1
DA:55,1
DA:56,1
DA:58,1
DA:59,1
DA:62,1
DA:64,1
DA:69,1
DA:76,1
DA:85,1
DA:94,1
DA:101,1
DA:102,1
DA:103,1
DA:104,1
DA:106,1
DA:107,1
DA:109,1
DA:110,1
DA:113,1
DA:114,1
DA:115,1
DA:116,1
DA:117,1
DA:118,1
DA:119,1
DA:120,1
DA:121,1
DA:122,1
DA:123,1
DA:124,1
DA:125,1
DA:126,1
DA:127,1
DA:128,1
DA:129,1
DA:130,1
DA:131,1
DA:132,1
DA:133,1
DA:134,1
DA:135,1
DA:136,1
DA:137,1
DA:138,1
DA:139,1
DA:140,1
DA:141,1
DA:142,1
DA:143,1
DA:144,1
DA:145,1
DA:146,1
DA:147,1
LF:70
LH:70
BRF:0
BRH:0
end_of_record
TN:
SF:src/consts/sora.ts
FNF:0
FNH:0
DA:1,1
DA:3,1
DA:4,1
DA:5,1
DA:7,1
DA:11,1
DA:15,1
DA:16,1
DA:18,1
DA:20,1
DA:40,1
DA:58,1
DA:59,1
DA:60,1
DA:61,1
DA:62,1
DA:63,1
DA:64,1
DA:65,1
DA:66,1
DA:67,1
LF:21
LH:21
BRDA:5,0,0,0
BRDA:5,0,1,1
BRDA:7,1,0,0
BRDA:7,1,1,1
BRDA:11,2,0,0
BRDA:11,2,1,1
BRF:6
BRH:3
end_of_record
TN:
SF:src/consts/time.ts
FNF:0
FNH:0
DA:1,1
DA:2,1
DA:3,1
DA:4,1
DA:5,1
DA:6,1
DA:8,1
DA:10,1
LF:8
LH:8
BRF:0
BRH:0
end_of_record
TN:
SF:src/consts/urls.ts
FNF:0
FNH:0
DA:1,1
DA:3,1
DA:5,1
DA:9,1
DA:11,1
DA:15,1
DA:17,1
DA:21,1
DA:23,1
DA:25,1
DA:31,1
DA:32,1
DA:33,1
DA:34,1
DA:35,1
DA:36,1
DA:37,1
DA:38,1
DA:39,1
DA:40,1
DA:41,1
DA:42,1
DA:43,1
DA:44,1
DA:45,1
DA:46,1
DA:47,1
DA:49,1
DA:77,1
LF:29
LH:29
BRDA:5,0,0,0
BRDA:5,0,1,1
BRDA:11,1,0,0
BRDA:11,1,1,1
BRDA:17,2,0,0
BRDA:17,2,1,1
BRDA:47,3,0,0
BRDA:47,3,1,1
BRF:8
BRH:4
end_of_record
TN:
SF:src/controllers/accountController.ts
FN:8,(anonymous_0)
FN:23,(anonymous_1)
FN:27,(anonymous_2)
FN:33,(anonymous_3)
FN:41,(anonymous_4)
FN:47,(anonymous_5)
FN:51,(anonymous_6)
FN:57,(anonymous_7)
FN:61,(anonymous_8)
FN:67,(anonymous_9)
FN:71,(anonymous_10)
FN:75,(anonymous_11)
FN:81,(anonymous_12)
FN:82,(anonymous_13)
FN:85,(anonymous_14)
FN:91,(anonymous_15)
FN:95,(anonymous_16)
FN:96,(anonymous_17)
FN:101,(anonymous_18)
FN:107,(anonymous_19)
FN:114,(anonymous_20)
FN:124,(anonymous_21)
FN:125,(anonymous_22)
FN:130,(anonymous_23)
FN:136,(anonymous_24)
FN:140,(anonymous_25)
FN:148,(anonymous_26)
FN:149,(anonymous_27)
FN:156,(anonymous_28)
FN:162,(anonymous_29)
FN:170,(anonymous_30)
FN:180,(anonymous_31)
FN:181,(anonymous_32)
FN:184,(anonymous_33)
FN:184,(anonymous_34)
FN:190,(anonymous_35)
FN:196,(anonymous_36)
FN:200,(anonymous_37)
FN:213,(anonymous_38)
FN:219,(anonymous_39)
FNF:40
FNH:0
FNDA:0,(anonymous_0)
FNDA:0,(anonymous_1)
FNDA:0,(anonymous_2)
FNDA:0,(anonymous_3)
FNDA:0,(anonymous_4)
FNDA:0,(anonymous_5)
FNDA:0,(anonymous_6)
FNDA:0,(anonymous_7)
FNDA:0,(anonymous_8)
FNDA:0,(anonymous_9)
FNDA:0,(anonymous_10)
FNDA:0,(anonymous_11)
FNDA:0,(anonymous_12)
FNDA:0,(anonymous_13)
FNDA:0,(anonymous_14)
FNDA:0,(anonymous_15)
FNDA:0,(anonymous_16)
FNDA:0,(anonymous_17)
FNDA:0,(anonymous_18)
FNDA:0,(anonymous_19)
FNDA:0,(anonymous_20)
FNDA:0,(anonymous_21)
FNDA:0,(anonymous_22)
FNDA:0,(anonymous_23)
FNDA:0,(anonymous_24)
FNDA:0,(anonymous_25)
FNDA:0,(anonymous_26)
FNDA:0,(anonymous_27)
FNDA:0,(anonymous_28)
FNDA:0,(anonymous_29)
FNDA:0,(anonymous_30)
FNDA:0,(anonymous_31)
FNDA:0,(anonymous_32)
FNDA:0,(anonymous_33)
FNDA:0,(anonymous_34)
FNDA:0,(anonymous_35)
FNDA:0,(anonymous_36)
FNDA:0,(anonymous_37)
FNDA:0,(anonymous_38)
FNDA:0,(anonymous_39)
DA:5,0
DA:6,0
DA:8,0
DA:9,0
DA:10,0
DA:11,0
DA:12,0
DA:13,0
DA:14,0
DA:15,0
DA:16,0
DA:17,0
DA:18,0
DA:19,0
DA:20,0
DA:24,0
DA:28,0
DA:30,0
DA:34,0
DA:36,0
DA:38,0
DA:42,0
DA:44,0
DA:48,0
DA:52,0
DA:54,0
DA:58,0
DA:62,0
DA:64,0
DA:68,0
DA:72,0
DA:76,0
DA:78,0
DA:82,0
DA:83,0
DA:85,0
DA:87,0
DA:92,0
DA:96,0
DA:97,0
DA:102,0
DA:104,0
DA:108,0
DA:109,0
DA:111,0
DA:115,0
DA:116,0
DA:121,0
DA:125,0
DA:126,0
DA:131,0
DA:133,0
DA:137,0
DA:141,0
DA:143,0
DA:145,0
DA:149,0
DA:150,0
DA:152,0
DA:157,0
DA:159,0
DA:163,0
DA:165,0
DA:167,0
DA:171,0
DA:173,0
DA:175,0
DA:177,0
DA:181,0
DA:182,0
DA:184,0
DA:186,0
DA:191,0
DA:193,0
DA:197,0
DA:198,0
DA:200,0
DA:202,0
DA:203,0
DA:205,0
DA:208,0
DA:210,0
DA:214,0
DA:215,0
DA:217,0
DA:219,0
DA:221,0
DA:223,0
DA:225,0
DA:227,0
DA:231,0
LF:91
LH:0
BRDA:30,0,0,0
BRDA:30,0,1,0
BRDA:36,1,0,0
BRDA:44,2,0,0
BRDA:44,2,1,0
BRDA:64,3,0,0
BRDA:64,3,1,0
BRDA:78,4,0,0
BRDA:78,4,1,0
BRDA:83,5,0,0
BRDA:83,6,0,0
BRDA:83,6,1,0
BRDA:87,7,0,0
BRDA:87,7,1,0
BRDA:97,8,0,0
BRDA:97,8,1,0
BRDA:104,9,0,0
BRDA:104,9,1,0
BRDA:111,10,0,0
BRDA:111,10,1,0
BRDA:126,11,0,0
BRDA:126,11,1,0
BRDA:133,12,0,0
BRDA:133,12,1,0
BRDA:152,13,0,0
BRDA:152,13,1,0
BRDA:159,14,0,0
BRDA:159,14,1,0
BRDA:171,15,0,0
BRDA:171,16,0,0
BRDA:171,16,1,0
BRDA:175,17,0,0
BRDA:175,18,0,0
BRDA:175,18,1,0
BRDA:182,19,0,0
BRDA:186,20,0,0
BRDA:186,20,1,0
BRDA:193,21,0,0
BRDA:193,21,1,0
BRDA:198,22,0,0
BRDA:198,22,1,0
BRDA:200,23,0,0
BRDA:200,23,1,0
BRDA:202,24,0,0
BRDA:202,24,1,0
BRDA:217,25,0,0
BRDA:219,26,0,0
BRDA:219,26,1,0
BRDA:221,27,0,0
BRF:49
BRH:0
end_of_record
TN:
SF:src/controllers/index.ts
FNF:0
FNH:0
DA:1,0
LF:1
LH:0
BRF:0
BRH:0
end_of_record
TN:
SF:src/controllers/localStorageController.ts
FN:14,(anonymous_0)
FN:16,(anonymous_1)
FN:20,(anonymous_2)
FN:24,(anonymous_3)
FN:30,(anonymous_4)
FN:38,(anonymous_5)
FN:42,(anonymous_6)
FNF:7
FNH:0
FNDA:0,(anonymous_0)
FNDA:0,(anonymous_1)
FNDA:0,(anonymous_2)
FNDA:0,(anonymous_3)
FNDA:0,(anonymous_4)
FNDA:0,(anonymous_5)
FNDA:0,(anonymous_6)
DA:13,0
DA:14,0
DA:17,0
DA:21,0
DA:25,0
DA:27,0
DA:31,0
DA:35,0
DA:39,0
DA:43,0
DA:44,0
LF:11
LH:0
BRDA:27,0,0,0
BRDA:27,0,1,0
BRDA:44,1,0,0
BRF:3
BRH:0
end_of_record
TN:
SF:src/extension/makeManifest.js
FN:4,(anonymous_0)
FN:10,(anonymous_1)
FN:18,(anonymous_2)
FNF:3
FNH:0
FNDA:0,(anonymous_0)
FNDA:0,(anonymous_1)
FNDA:0,(anonymous_2)
DA:1,0
DA:2,0
DA:4,0
DA:5,0
DA:10,0
DA:12,0
DA:15,0
DA:18,0
DA:20,0
DA:22,0
DA:42,0
DA:66,0
LF:12
LH:0
BRDA:4,0,0,0
BRDA:12,1,0,0
BRDA:12,1,1,0
BRDA:13,2,0,0
BRDA:13,2,1,0
BRDA:13,2,2,0
BRDA:13,2,3,0
BRDA:13,2,4,0
BRDA:13,2,5,0
BRDA:15,3,0,0
BRDA:15,3,1,0
BRDA:54,4,0,0
BRDA:54,4,1,0
BRDA:63,5,0,0
BRDA:63,5,1,0
BRDA:94,6,0,0
BRDA:94,6,1,0
BRF:17
BRH:0
end_of_record
TN:
SF:src/extension/background/extension-base/src/defaults.ts
FNF:0
FNH:0
DA:1,1
DA:3,1
DA:5,1
DA:7,1
DA:8,1
DA:9,1
DA:10,1
DA:12,1
DA:13,1
DA:16,1
DA:17,1
DA:18,1
DA:19,1
DA:20,1
DA:21,1
DA:22,1
LF:16
LH:16
BRF:0
BRH:0
end_of_record
TN:
SF:src/extension/background/extension-base/src/api/evm/transfer.ts
FN:31,handleTransfer
FN:55,calcEvmFees
FN:63,getUtilityTransactionObject
FN:89,getERC20TransactionObject
FN:133,makeUtilityTransfer
FN:139,makeERC20Transfer
FN:145,getEVMTransactionObject
FN:151,makeEVMTransfer
FN:154,(anonymous_8)
FN:155,(anonymous_9)
FNF:10
FNH:0
FNDA:0,handleTransfer
FNDA:0,calcEvmFees
FNDA:0,getUtilityTransactionObject
FNDA:0,getERC20TransactionObject
FNDA:0,makeUtilityTransfer
FNDA:0,makeERC20Transfer
FNDA:0,getEVMTransactionObject
FNDA:0,makeEVMTransfer
FNDA:0,(anonymous_8)
FNDA:0,(anonymous_9)
DA:1,0
DA:2,0
DA:3,0
DA:31,0
DA:32,0
DA:33,0
DA:35,0
DA:36,0
DA:38,0
DA:40,0
DA:41,0
DA:43,0
DA:55,0
DA:56,0
DA:57,0
DA:58,0
DA:60,0
DA:64,0
DA:65,0
DA:67,0
DA:69,0
DA:71,0
DA:78,0
DA:79,0
DA:81,0
DA:83,0
DA:84,0
DA:86,0
DA:90,0
DA:91,0
DA:92,0
DA:94,0
DA:96,0
DA:97,0
DA:99,0
DA:101,0
DA:102,0
DA:104,0
DA:110,0
DA:112,0
DA:113,0
DA:116,0
DA:118,0
DA:120,0
DA:122,0
DA:125,0
DA:127,0
DA:128,0
DA:130,0
DA:134,0
DA:136,0
DA:140,0
DA:142,0
DA:145,0
DA:146,0
DA:148,0
DA:151,0
DA:152,0
DA:154,0
DA:155,0
DA:156,0
LF:61
LH:0
BRDA:40,0,0,0
BRDA:40,0,1,0
BRDA:56,1,0,0
BRDA:56,1,1,0
BRDA:57,2,0,0
BRDA:57,2,1,0
BRDA:67,3,0,0
BRDA:81,4,0,0
BRDA:81,4,1,0
BRDA:99,5,0,0
BRDA:125,6,0,0
BRDA:125,6,1,0
BRDA:146,7,0,0
BRDA:152,8,0,0
BRDA:152,8,1,0
BRF:15
BRH:0
end_of_record
TN:
SF:src/extension/background/extension-base/src/api/evm/types.ts
FN:47,(anonymous_0)
FN:81,(anonymous_1)
FNF:2
FNH:1
FNDA:1,(anonymous_0)
FNDA:0,(anonymous_1)
DA:47,1
DA:48,1
DA:81,1
DA:82,0
DA:83,0
DA:85,0
DA:86,0
DA:90,0
LF:8
LH:3
BRDA:47,0,0,1
BRDA:47,0,1,1
BRDA:82,1,0,0
BRDA:85,2,0,0
BRF:4
BRH:2
end_of_record
TN:
SF:src/extension/background/extension-base/src/api/substrate/crossChain.ts
FN:30,(anonymous_0)
FN:38,isNativeNetwork
FN:42,isRelayChain
FN:46,interiorHelper
FN:47,(anonymous_4)
FN:49,(anonymous_5)
FN:62,getConcreteAsset
FN:80,(anonymous_7)
FN:81,(anonymous_8)
FN:93,(anonymous_9)
FN:93,(anonymous_10)
FN:108,getNativeTeleportParams
FN:175,getOrmlTeleportParams
FN:236,createNativeCrossChainExtrinsic
FN:255,(anonymous_14)
FN:262,createOrmlCrossChainExtrinsic
FN:294,createCrossChainExtrinsic
FN:305,(anonymous_17)
FN:307,(anonymous_18)
FN:324,estimateCrossChainFee
FN:331,(anonymous_20)
FN:343,(anonymous_21)
FN:382,makeCrossChain
FNF:23
FNH:0
FNDA:0,(anonymous_0)
FNDA:0,isNativeNetwork
FNDA:0,isRelayChain
FNDA:0,interiorHelper
FNDA:0,(anonymous_4)
FNDA:0,(anonymous_5)
FNDA:0,getConcreteAsset
FNDA:0,(anonymous_7)
FNDA:0,(anonymous_8)
FNDA:0,(anonymous_9)
FNDA:0,(anonymous_10)
FNDA:0,getNativeTeleportParams
FNDA:0,getOrmlTeleportParams
FNDA:0,createNativeCrossChainExtrinsic
FNDA:0,(anonymous_14)
FNDA:0,createOrmlCrossChainExtrinsic
FNDA:0,createCrossChainExtrinsic
FNDA:0,(anonymous_17)
FNDA:0,(anonymous_18)
FNDA:0,estimateCrossChainFee
FNDA:0,(anonymous_20)
FNDA:0,(anonymous_21)
FNDA:0,makeCrossChain
DA:1,0
DA:2,0
DA:3,0
DA:4,0
DA:5,0
DA:6,0
DA:7,0
DA:13,0
DA:14,0
DA:19,0
DA:27,0
DA:28,0
DA:30,0
DA:31,0
DA:32,0
DA:35,0
DA:36,0
DA:39,0
DA:43,0
DA:47,0
DA:48,0
DA:50,0
DA:52,0
DA:56,0
DA:59,0
DA:70,0
DA:71,0
DA:74,0
DA:75,0
DA:80,0
DA:81,0
DA:82,0
DA:83,0
DA:86,0
DA:92,0
DA:93,0
DA:96,0
DA:97,0
DA:100,0
DA:102,0
DA:116,0
DA:117,0
DA:118,0
DA:119,0
DA:120,0
DA:121,0
DA:123,0
DA:127,0
DA:128,0
DA:129,0
DA:131,0
DA:133,0
DA:147,0
DA:154,0
DA:161,0
DA:170,0
DA:172,0
DA:183,0
DA:184,0
DA:185,0
DA:186,0
DA:187,0
DA:189,0
DA:193,0
DA:194,0
DA:195,0
DA:197,0
DA:199,0
DA:213,0
DA:220,0
DA:224,0
DA:231,0
DA:233,0
DA:245,0
DA:247,0
DA:249,0
DA:251,0
DA:253,0
DA:254,0
DA:255,0
DA:256,0
DA:257,0
DA:259,0
DA:271,0
DA:273,0
DA:275,0
DA:277,0
DA:278,0
DA:281,0
DA:282,0
DA:284,0
DA:287,0
DA:288,0
DA:291,0
DA:295,0
DA:296,0
DA:297,0
DA:298,0
DA:299,0
DA:304,0
DA:305,0
DA:306,0
DA:307,0
DA:310,0
DA:312,0
DA:316,0
DA:321,0
DA:328,0
DA:331,0
DA:332,0
DA:333,0
DA:335,0
DA:341,0
DA:343,0
DA:345,0
DA:347,0
DA:348,0
DA:353,0
DA:354,0
DA:356,0
DA:360,0
DA:362,0
DA:364,0
DA:367,0
DA:368,0
DA:369,0
DA:371,0
DA:373,0
DA:374,0
DA:376,0
DA:378,0
DA:383,0
DA:385,0
DA:387,0
DA:388,0
DA:390,0
DA:392,0
DA:393,0
DA:395,0
DA:396,0
DA:398,0
DA:400,0
DA:414,0
LF:143
LH:0
BRDA:30,0,0,0
BRDA:30,0,1,0
BRDA:50,1,0,0
BRDA:50,1,1,0
BRDA:59,2,0,0
BRDA:59,2,1,0
BRDA:74,3,0,0
BRDA:77,4,0,0
BRDA:77,4,1,0
BRDA:83,5,0,0
BRDA:83,5,1,0
BRDA:86,6,0,0
BRDA:86,6,1,0
BRDA:92,7,0,0
BRDA:92,7,1,0
BRDA:96,8,0,0
BRDA:96,8,1,0
BRDA:97,9,0,0
BRDA:97,9,1,0
BRDA:97,10,0,0
BRDA:97,10,1,0
BRDA:100,11,0,0
BRDA:100,11,1,0
BRDA:104,12,0,0
BRDA:104,12,1,0
BRDA:104,13,0,0
BRDA:104,13,1,0
BRDA:121,14,0,0
BRDA:121,14,1,0
BRDA:123,15,0,0
BRDA:123,15,1,0
BRDA:125,16,0,0
BRDA:125,16,1,0
BRDA:131,17,0,0
BRDA:131,17,1,0
BRDA:133,18,0,0
BRDA:133,18,1,0
BRDA:149,19,0,0
BRDA:149,19,1,0
BRDA:150,20,0,0
BRDA:150,20,1,0
BRDA:187,21,0,0
BRDA:187,21,1,0
BRDA:189,22,0,0
BRDA:189,22,1,0
BRDA:191,23,0,0
BRDA:191,23,1,0
BRDA:197,24,0,0
BRDA:197,24,1,0
BRDA:199,25,0,0
BRDA:199,25,1,0
BRDA:220,26,0,0
BRDA:220,26,1,0
BRDA:247,27,0,0
BRDA:254,28,0,0
BRDA:254,28,1,0
BRDA:255,29,0,0
BRDA:255,29,1,0
BRDA:273,30,0,0
BRDA:281,31,0,0
BRDA:287,32,0,0
BRDA:287,32,1,0
BRDA:310,33,0,0
BRDA:312,34,0,0
BRDA:336,35,0,0
BRDA:336,35,1,0
BRDA:337,36,0,0
BRDA:337,36,1,0
BRDA:349,37,0,0
BRDA:349,37,1,0
BRDA:350,38,0,0
BRDA:350,38,1,0
BRDA:353,39,0,0
BRDA:364,40,0,0
BRDA:369,41,0,0
BRDA:369,41,1,0
BRDA:373,42,0,0
BRDA:373,42,1,0
BRDA:385,43,0,0
BRF:79
BRH:0
end_of_record
TN:
SF:src/extension/background/extension-base/src/api/substrate/index.ts
FN:6,getAssetOptions
FN:7,(anonymous_1)
FN:27,getPrecisionValue
FNF:3
FNH:0
FNDA:0,getAssetOptions
FNDA:0,(anonymous_1)
FNDA:0,getPrecisionValue
DA:1,0
DA:4,0
DA:6,0
DA:7,0
DA:9,0
DA:10,0
DA:11,0
DA:12,0
DA:13,0
DA:14,0
DA:15,0
DA:16,0
DA:17,0
DA:18,0
DA:19,0
DA:22,0
DA:24,0
DA:27,0
DA:28,0
DA:29,0
DA:30,0
DA:32,0
LF:22
LH:0
BRDA:9,0,0,0
BRDA:10,1,0,0
BRDA:11,2,0,0
BRDA:12,3,0,0
BRDA:13,4,0,0
BRDA:14,5,0,0
BRDA:15,6,0,0
BRDA:16,7,0,0
BRDA:17,8,0,0
BRDA:18,9,0,0
BRDA:19,10,0,0
BRDA:22,11,0,0
BRDA:28,12,0,0
BRDA:28,12,1,0
BRDA:28,13,0,0
BRDA:28,13,1,0
BRF:16
BRH:0
end_of_record
TN:
SF:src/extension/background/extension-base/src/api/substrate/transfer.ts
FN:14,createExtrinsicTransfer
FN:22,(anonymous_1)
FN:59,estimateFee
FN:111,makeTransfer
FN:130,(anonymous_4)
FNF:5
FNH:0
FNDA:0,createExtrinsicTransfer
FNDA:0,(anonymous_1)
FNDA:0,estimateFee
FNDA:0,makeTransfer
FNDA:0,(anonymous_4)
DA:1,0
DA:2,0
DA:3,0
DA:4,0
DA:9,0
DA:10,0
DA:12,0
DA:14,0
DA:15,0
DA:16,0
DA:18,0
DA:20,0
DA:22,0
DA:23,0
DA:25,0
DA:26,0
DA:27,0
DA:28,0
DA:30,0
DA:31,0
DA:33,0
DA:35,0
DA:37,0
DA:40,0
DA:43,0
DA:47,0
DA:50,0
DA:53,0
DA:55,0
DA:59,0
DA:66,0
DA:67,0
DA:69,0
DA:71,0
DA:73,0
DA:83,0
DA:85,0
DA:86,0
DA:88,0
DA:89,0
DA:91,0
DA:92,0
DA:94,0
DA:96,0
DA:111,0
DA:121,0
DA:122,0
DA:123,0
DA:125,0
DA:127,0
DA:129,0
DA:130,0
DA:132,0
DA:142,0
LF:54
LH:0
BRDA:20,0,0,0
BRDA:27,1,0,0
BRDA:27,1,1,0
BRDA:31,2,0,0
BRDA:31,2,1,0
BRDA:31,2,2,0
BRDA:31,2,3,0
BRDA:31,2,4,0
BRDA:31,2,5,0
BRDA:33,3,0,0
BRDA:35,4,0,0
BRDA:69,5,0,0
BRDA:83,6,0,0
BRDA:91,7,0,0
BRDA:91,7,1,0
BRDA:125,8,0,0
BRF:16
BRH:0
end_of_record
TN:
SF:src/extension/background/extension-base/src/api/substrate/typeRegistry.ts
FNF:0
FNH:0
DA:1,0
DA:3,0
DA:5,0
LF:3
LH:0
BRF:0
BRH:0
end_of_record
TN:
SF:src/extension/background/extension-base/src/api/substrate/liberland/bridge.ts
FN:11,createLiberlandCrossChain
FNF:1
FNH:0
FNDA:0,createLiberlandCrossChain
DA:1,0
DA:4,0
DA:6,0
DA:7,0
DA:8,0
DA:9,0
DA:12,0
DA:14,0
DA:16,0
DA:18,0
DA:20,0
DA:21,0
DA:23,0
DA:24,0
DA:26,0
DA:28,0
DA:38,0
LF:17
LH:0
BRDA:16,0,0,0
BRDA:26,1,0,0
BRDA:26,1,1,0
BRF:3
BRH:0
end_of_record
TN:
SF:src/extension/background/extension-base/src/api/substrate/liberland/index.ts
FNF:0
FNH:0
DA:1,0
LF:1
LH:0
BRF:0
BRH:0
end_of_record
TN:
SF:src/extension/background/extension-base/src/api/substrate/shared/sendExtrinsic.ts
FN:13,(anonymous_0)
FN:14,(anonymous_1)
FNF:2
FNH:0
FNDA:0,(anonymous_0)
FNDA:0,(anonymous_1)
DA:13,0
DA:14,0
DA:15,0
DA:17,0
DA:18,0
DA:20,0
DA:21,0
DA:22,0
DA:23,0
DA:25,0
LF:10
LH:0
BRDA:15,0,0,0
BRDA:15,1,0,0
BRDA:15,1,1,0
BRDA:17,2,0,0
BRDA:17,2,1,0
BRDA:22,3,0,0
BRF:6
BRH:0
end_of_record
TN:
SF:src/extension/background/extension-base/src/api/substrate/shared/signAndSendExtrinsic.ts
FN:20,(anonymous_0)
FNF:1
FNH:0
FNDA:0,(anonymous_0)
DA:1,0
DA:2,0
DA:3,0
DA:20,0
DA:24,0
DA:25,0
DA:27,0
DA:29,0
DA:32,0
DA:42,0
DA:43,0
DA:50,0
DA:52,0
DA:53,0
DA:54,0
DA:56,0
DA:58,0
LF:17
LH:0
BRDA:21,0,0,0
BRDA:24,1,0,0
BRDA:52,2,0,0
BRDA:52,2,1,0
BRF:4
BRH:0
end_of_record
TN:
SF:src/extension/background/extension-base/src/api/substrate/shared/signExtrinsic.ts
FN:13,(anonymous_0)
FNF:1
FNH:0
FNDA:0,(anonymous_0)
DA:1,0
DA:13,0
DA:17,0
DA:19,0
DA:20,0
DA:21,0
DA:23,0
LF:7
LH:0
BRF:0
BRH:0
end_of_record
TN:
SF:src/extension/background/extension-base/src/api/substrate/sora/bridge.ts
FN:16,(anonymous_0)
FN:46,(anonymous_1)
FN:47,(anonymous_2)
FN:49,assertValidRecipient
FN:75,getSoraParaId
FN:90,(anonymous_5)
FN:95,getNetworkId
FN:128,getSoraParams
FN:139,estimateSoraCrossChainFee
FN:148,makeSoraCrossChain
FNF:10
FNH:0
FNDA:0,(anonymous_0)
FNDA:0,(anonymous_1)
FNDA:0,(anonymous_2)
FNDA:0,assertValidRecipient
FNDA:0,getSoraParaId
FNDA:0,(anonymous_5)
FNDA:0,getNetworkId
FNDA:0,getSoraParams
FNDA:0,estimateSoraCrossChainFee
FNDA:0,makeSoraCrossChain
DA:1,0
DA:2,0
DA:3,0
DA:4,0
DA:12,0
DA:13,0
DA:14,0
DA:16,0
DA:17,0
DA:29,0
DA:46,0
DA:47,0
DA:50,0
DA:52,0
DA:53,0
DA:56,0
DA:57,0
DA:58,0
DA:61,0
DA:64,0
DA:65,0
DA:67,0
DA:68,0
DA:71,0
DA:76,0
DA:81,0
DA:82,0
DA:84,0
DA:86,0
DA:89,0
DA:90,0
DA:92,0
DA:96,0
DA:97,0
DA:99,0
DA:101,0
DA:102,0
DA:104,0
DA:105,0
DA:106,0
DA:107,0
DA:108,0
DA:110,0
DA:111,0
DA:112,0
DA:113,0
DA:114,0
DA:115,0
DA:116,0
DA:117,0
DA:119,0
DA:129,0
DA:130,0
DA:131,0
DA:132,0
DA:134,0
DA:136,0
DA:140,0
DA:141,0
DA:143,0
DA:145,0
DA:149,0
DA:150,0
DA:152,0
DA:154,0
DA:156,0
DA:158,0
DA:160,0
DA:163,0
LF:69
LH:0
BRDA:50,0,0,0
BRDA:50,0,1,0
BRDA:52,1,0,0
BRDA:56,2,0,0
BRDA:57,3,0,0
BRDA:67,4,0,0
BRDA:82,5,0,0
BRDA:86,6,0,0
BRDA:89,7,0,0
BRDA:89,7,1,0
BRDA:92,8,0,0
BRDA:92,8,1,0
BRDA:99,9,0,0
BRDA:101,10,0,0
BRDA:102,11,0,0
BRDA:104,12,0,0
BRDA:105,13,0,0
BRDA:106,14,0,0
BRDA:107,15,0,0
BRDA:108,16,0,0
BRDA:110,17,0,0
BRDA:111,18,0,0
BRDA:112,19,0,0
BRDA:113,20,0,0
BRDA:114,21,0,0
BRDA:115,22,0,0
BRDA:116,23,0,0
BRDA:117,24,0,0
BRDA:154,25,0,0
BRF:29
BRH:0
end_of_record
TN:
SF:src/extension/background/extension-base/src/api/substrate/sora/index.ts
FN:15,getSoraAsset
FNF:1
FNH:0
FNDA:0,getSoraAsset
DA:1,0
DA:12,0
DA:13,0
DA:16,0
DA:17,0
DA:19,0
DA:28,0
DA:29,0
DA:31,0
LF:9
LH:0
BRF:0
BRH:0
end_of_record
TN:
SF:src/extension/background/extension-base/src/api/substrate/sora/swap.ts
FN:19,createExchangeB
FN:37,createExchangeA
FN:60,createSwap
FN:71,(anonymous_3)
FN:72,(anonymous_4)
FN:139,(anonymous_5)
FN:140,(anonymous_6)
FNF:7
FNH:0
FNDA:0,createExchangeB
FNDA:0,createExchangeA
FNDA:0,createSwap
FNDA:0,(anonymous_3)
FNDA:0,(anonymous_4)
FNDA:0,(anonymous_5)
FNDA:0,(anonymous_6)
DA:1,0
DA:2,0
DA:3,0
DA:9,0
DA:10,0
DA:11,0
DA:13,0
DA:14,0
DA:23,0
DA:24,0
DA:25,0
DA:27,0
DA:41,0
DA:42,0
DA:43,0
DA:45,0
DA:60,0
DA:65,0
DA:66,0
DA:67,0
DA:69,0
DA:71,0
DA:72,0
DA:74,0
DA:75,0
DA:78,0
DA:79,0
DA:81,0
DA:82,0
DA:85,0
DA:86,0
DA:88,0
DA:89,0
DA:91,0
DA:92,0
DA:94,0
DA:104,0
DA:114,0
DA:115,0
DA:121,0
DA:122,0
DA:123,0
DA:124,0
DA:125,0
DA:126,0
DA:127,0
DA:128,0
DA:130,0
DA:133,0
DA:134,0
DA:137,0
DA:140,0
DA:142,0
DA:146,0
DA:153,0
DA:164,0
DA:166,0
LF:57
LH:0
BRDA:74,0,0,0
BRDA:74,1,0,0
BRDA:74,1,1,0
BRDA:81,2,0,0
BRDA:81,3,0,0
BRDA:81,3,1,0
BRDA:88,4,0,0
BRDA:88,4,1,0
BRDA:121,5,0,0
BRDA:121,5,1,0
BRDA:125,6,0,0
BRDA:125,6,1,0
BRDA:130,7,0,0
BRDA:130,7,1,0
BRDA:133,8,0,0
BRDA:133,8,1,0
BRDA:134,9,0,0
BRDA:134,9,1,0
BRDA:138,10,0,0
BRDA:138,10,1,0
BRDA:150,11,0,0
BRDA:150,11,1,0
BRDA:160,12,0,0
BRDA:160,12,1,0
BRDA:161,13,0,0
BRDA:161,13,1,0
BRDA:164,14,0,0
BRDA:164,14,1,0
BRF:28
BRH:0
end_of_record
TN:
SF:src/extension/background/extension-base/src/api/ton/transfer.ts
FN:16,makeTonTransfer
FNF:1
FNH:0
FNDA:0,makeTonTransfer
DA:1,0
DA:14,0
DA:16,0
DA:23,0
DA:25,0
DA:27,0
DA:28,0
DA:30,0
DA:31,0
DA:33,0
DA:45,0
DA:59,0
DA:61,0
DA:68,0
DA:73,0
DA:75,0
DA:77,0
LF:17
LH:0
BRDA:45,0,0,0
BRDA:45,0,1,0
BRF:2
BRH:0
end_of_record
TN:
SF:src/extension/background/extension-base/src/api/types/networks.ts
FN:1,(anonymous_0)
FN:7,(anonymous_1)
FNF:2
FNH:2
FNDA:1,(anonymous_0)
FNDA:1,(anonymous_1)
DA:1,1
DA:2,1
DA:3,1
DA:4,1
DA:7,1
DA:8,1
DA:9,1
DA:10,1
LF:8
LH:8
BRDA:1,0,0,1
BRDA:1,0,1,1
BRDA:7,1,0,1
BRDA:7,1,1,1
BRF:4
BRH:4
end_of_record
TN:
SF:src/extension/background/extension-base/src/background/handlers/Extension.ts
FN:42,(anonymous_0)
FN:163,(anonymous_1)
FN:165,(anonymous_2)
FN:200,(anonymous_3)
FN:215,isJsonPayload
FN:220,(anonymous_5)
FN:224,(anonymous_6)
FN:228,(anonymous_7)
FN:234,(anonymous_8)
FN:235,(anonymous_9)
FN:239,(anonymous_10)
FN:280,(anonymous_11)
FN:293,(anonymous_12)
FN:297,(anonymous_13)
FN:298,(anonymous_14)
FN:321,(anonymous_15)
FN:329,(anonymous_16)
FN:339,(anonymous_17)
FN:349,(anonymous_18)
FN:358,(anonymous_19)
FN:364,(anonymous_20)
FN:369,(anonymous_21)
FN:379,(anonymous_22)
FN:383,(anonymous_23)
FN:384,(anonymous_24)
FN:385,(anonymous_25)
FN:390,(anonymous_26)
FN:394,(anonymous_27)
FN:398,(anonymous_28)
FN:411,(anonymous_29)
FN:417,(anonymous_30)
FN:430,(anonymous_31)
FN:431,(anonymous_32)
FN:432,(anonymous_33)
FN:444,(anonymous_34)
FN:447,(anonymous_35)
FN:451,(anonymous_36)
FN:456,(anonymous_37)
FN:470,(anonymous_38)
FN:482,(anonymous_39)
FN:485,(anonymous_40)
FN:491,(anonymous_41)
FN:496,(anonymous_42)
FN:523,(anonymous_43)
FN:527,(anonymous_44)
FN:547,(anonymous_45)
FN:565,(anonymous_46)
FN:569,(anonymous_47)
FN:578,(anonymous_48)
FN:619,(anonymous_49)
FN:661,(anonymous_50)
FN:675,(anonymous_51)
FN:684,(anonymous_52)
FN:712,(anonymous_53)
FN:728,(anonymous_54)
FN:738,(anonymous_55)
FN:748,(anonymous_56)
FN:751,(anonymous_57)
FN:757,(anonymous_58)
FN:762,(anonymous_59)
FN:765,(anonymous_60)
FN:771,(anonymous_61)
FN:776,(anonymous_62)
FN:787,(anonymous_63)
FN:792,(anonymous_64)
FN:802,(anonymous_65)
FN:806,(anonymous_66)
FN:810,(anonymous_67)
FN:814,(anonymous_68)
FN:824,(anonymous_69)
FN:827,(anonymous_70)
FN:831,(anonymous_71)
FN:836,(anonymous_72)
FN:841,(anonymous_73)
FN:842,(anonymous_74)
FN:843,(anonymous_75)
FN:847,(anonymous_76)
FN:851,(anonymous_77)
FN:858,(anonymous_78)
FN:863,(anonymous_79)
FN:867,(anonymous_80)
FN:872,(anonymous_81)
FN:875,(anonymous_82)
FN:894,(anonymous_83)
FN:923,(anonymous_84)
FN:969,(anonymous_85)
FN:1032,(anonymous_86)
FN:1035,(anonymous_87)
FN:1040,(anonymous_88)
FN:1067,(anonymous_89)
FN:1113,(anonymous_90)
FN:1116,(anonymous_91)
FN:1121,(anonymous_92)
FN:1125,(anonymous_93)
FN:1131,(anonymous_94)
FN:1136,(anonymous_95)
FN:1140,(anonymous_96)
FN:1145,(anonymous_97)
FN:1149,(anonymous_98)
FN:1158,(anonymous_99)
FN:1161,(anonymous_100)
FN:1176,(anonymous_101)
FN:1182,(anonymous_102)
FN:1190,(anonymous_103)
FN:1201,(anonymous_104)
FN:1207,(anonymous_105)
FN:1215,(anonymous_106)
FN:1227,(anonymous_107)
FN:1230,(anonymous_108)
FN:1245,(anonymous_109)
FN:1248,(anonymous_110)
FN:1249,(anonymous_111)
FN:1259,(anonymous_112)
FN:1266,(anonymous_113)
FN:1271,(anonymous_114)
FN:1276,(anonymous_115)
FN:1305,(anonymous_116)
FN:1334,(anonymous_117)
FN:1367,(anonymous_118)
FN:1389,(anonymous_119)
FN:1403,(anonymous_120)
FN:1420,(anonymous_121)
FN:1423,(anonymous_122)
FN:1429,(anonymous_123)
FN:1434,(anonymous_124)
FN:1440,(anonymous_125)
FN:1447,(anonymous_126)
FN:1452,(anonymous_127)
FN:1457,(anonymous_128)
FN:1465,(anonymous_129)
FN:1503,(anonymous_130)
FN:1522,(anonymous_131)
FN:1530,(anonymous_132)
FN:1537,(anonymous_133)
FN:1542,(anonymous_134)
FN:1555,(anonymous_135)
FN:1563,(anonymous_136)
FN:1567,(anonymous_137)
FN:1571,(anonymous_138)
FN:1577,(anonymous_139)
FN:1585,(anonymous_140)
FN:1593,(anonymous_141)
FNF:142
FNH:0
FNDA:0,(anonymous_0)
FNDA:0,(anonymous_1)
FNDA:0,(anonymous_2)
FNDA:0,(anonymous_3)
FNDA:0,isJsonPayload
FNDA:0,(anonymous_5)
FNDA:0,(anonymous_6)
FNDA:0,(anonymous_7)
FNDA:0,(anonymous_8)
FNDA:0,(anonymous_9)
FNDA:0,(anonymous_10)
FNDA:0,(anonymous_11)
FNDA:0,(anonymous_12)
FNDA:0,(anonymous_13)
FNDA:0,(anonymous_14)
FNDA:0,(anonymous_15)
FNDA:0,(anonymous_16)
FNDA:0,(anonymous_17)
FNDA:0,(anonymous_18)
FNDA:0,(anonymous_19)
FNDA:0,(anonymous_20)
FNDA:0,(anonymous_21)
FNDA:0,(anonymous_22)
FNDA:0,(anonymous_23)
FNDA:0,(anonymous_24)
FNDA:0,(anonymous_25)
FNDA:0,(anonymous_26)
FNDA:0,(anonymous_27)
FNDA:0,(anonymous_28)
FNDA:0,(anonymous_29)
FNDA:0,(anonymous_30)
FNDA:0,(anonymous_31)
FNDA:0,(anonymous_32)
FNDA:0,(anonymous_33)
FNDA:0,(anonymous_34)
FNDA:0,(anonymous_35)
FNDA:0,(anonymous_36)
FNDA:0,(anonymous_37)
FNDA:0,(anonymous_38)
FNDA:0,(anonymous_39)
FNDA:0,(anonymous_40)
FNDA:0,(anonymous_41)
FNDA:0,(anonymous_42)
FNDA:0,(anonymous_43)
FNDA:0,(anonymous_44)
FNDA:0,(anonymous_45)
FNDA:0,(anonymous_46)
FNDA:0,(anonymous_47)
FNDA:0,(anonymous_48)
FNDA:0,(anonymous_49)
FNDA:0,(anonymous_50)
FNDA:0,(anonymous_51)
FNDA:0,(anonymous_52)
FNDA:0,(anonymous_53)
FNDA:0,(anonymous_54)
FNDA:0,(anonymous_55)
FNDA:0,(anonymous_56)
FNDA:0,(anonymous_57)
FNDA:0,(anonymous_58)
FNDA:0,(anonymous_59)
FNDA:0,(anonymous_60)
FNDA:0,(anonymous_61)
FNDA:0,(anonymous_62)
FNDA:0,(anonymous_63)
FNDA:0,(anonymous_64)
FNDA:0,(anonymous_65)
FNDA:0,(anonymous_66)
FNDA:0,(anonymous_67)
FNDA:0,(anonymous_68)
FNDA:0,(anonymous_69)
FNDA:0,(anonymous_70)
FNDA:0,(anonymous_71)
FNDA:0,(anonymous_72)
FNDA:0,(anonymous_73)
FNDA:0,(anonymous_74)
FNDA:0,(anonymous_75)
FNDA:0,(anonymous_76)
FNDA:0,(anonymous_77)
FNDA:0,(anonymous_78)
FNDA:0,(anonymous_79)
FNDA:0,(anonymous_80)
FNDA:0,(anonymous_81)
FNDA:0,(anonymous_82)
FNDA:0,(anonymous_83)
FNDA:0,(anonymous_84)
FNDA:0,(anonymous_85)
FNDA:0,(anonymous_86)
FNDA:0,(anonymous_87)
FNDA:0,(anonymous_88)
FNDA:0,(anonymous_89)
FNDA:0,(anonymous_90)
FNDA:0,(anonymous_91)
FNDA:0,(anonymous_92)
FNDA:0,(anonymous_93)
FNDA:0,(anonymous_94)
FNDA:0,(anonymous_95)
FNDA:0,(anonymous_96)
FNDA:0,(anonymous_97)
FNDA:0,(anonymous_98)
FNDA:0,(anonymous_99)
FNDA:0,(anonymous_100)
FNDA:0,(anonymous_101)
FNDA:0,(anonymous_102)
FNDA:0,(anonymous_103)
FNDA:0,(anonymous_104)
FNDA:0,(anonymous_105)
FNDA:0,(anonymous_106)
FNDA:0,(anonymous_107)
FNDA:0,(anonymous_108)
FNDA:0,(anonymous_109)
FNDA:0,(anonymous_110)
FNDA:0,(anonymous_111)
FNDA:0,(anonymous_112)
FNDA:0,(anonymous_113)
FNDA:0,(anonymous_114)
FNDA:0,(anonymous_115)
FNDA:0,(anonymous_116)
FNDA:0,(anonymous_117)
FNDA:0,(anonymous_118)
FNDA:0,(anonymous_119)
FNDA:0,(anonymous_120)
FNDA:0,(anonymous_121)
FNDA:0,(anonymous_122)
FNDA:0,(anonymous_123)
FNDA:0,(anonymous_124)
FNDA:0,(anonymous_125)
FNDA:0,(anonymous_126)
FNDA:0,(anonymous_127)
FNDA:0,(anonymous_128)
FNDA:0,(anonymous_129)
FNDA:0,(anonymous_130)
FNDA:0,(anonymous_131)
FNDA:0,(anonymous_132)
FNDA:0,(anonymous_133)
FNDA:0,(anonymous_134)
FNDA:0,(anonymous_135)
FNDA:0,(anonymous_136)
FNDA:0,(anonymous_137)
FNDA:0,(anonymous_138)
FNDA:0,(anonymous_139)
FNDA:0,(anonymous_140)
FNDA:0,(anonymous_141)
DA:1,0
DA:2,0
DA:3,0
DA:4,0
DA:5,0
DA:6,0
DA:7,0
DA:8,0
DA:9,0
DA:10,0
DA:11,0
DA:12,0
DA:19,0
DA:20,0
DA:21,0
DA:35,0
DA:40,0
DA:42,0
DA:43,0
DA:44,0
DA:46,0
DA:47,0
DA:51,0
DA:52,0
DA:152,0
DA:153,0
DA:154,0
DA:159,0
DA:160,0
DA:161,0
DA:163,0
DA:165,0
DA:166,0
DA:168,0
DA:169,0
DA:170,0
DA:171,0
DA:173,0
DA:174,0
DA:176,0
DA:177,0
DA:179,0
DA:181,0
DA:182,0
DA:184,0
DA:186,0
DA:187,0
DA:189,0
DA:194,0
DA:197,0
DA:200,0
DA:201,0
DA:203,0
DA:205,0
DA:216,0
DA:219,0
DA:221,0
DA:225,0
DA:229,0
DA:230,0
DA:231,0
DA:234,0
DA:235,0
DA:236,0
DA:237,0
DA:239,0
DA:243,0
DA:247,0
DA:249,0
DA:250,0
DA:252,0
DA:254,0
DA:256,0
DA:258,0
DA:259,0
DA:262,0
DA:264,0
DA:265,0
DA:266,0
DA:268,0
DA:269,0
DA:275,0
DA:277,0
DA:281,0
DA:288,0
DA:290,0
DA:294,0
DA:298,0
DA:299,0
DA:301,0
DA:302,0
DA:303,0
DA:305,0
DA:317,0
DA:322,0
DA:324,0
DA:325,0
DA:326,0
DA:328,0
DA:330,0
DA:338,0
DA:340,0
DA:348,0
DA:350,0
DA:358,0
DA:359,0
DA:360,0
DA:361,0
DA:364,0
DA:366,0
DA:370,0
DA:372,0
DA:374,0
DA:376,0
DA:380,0
DA:384,0
DA:385,0
DA:386,0
DA:387,0
DA:389,0
DA:390,0
DA:391,0
DA:392,0
DA:394,0
DA:395,0
DA:398,0
DA:399,0
DA:403,0
DA:406,0
DA:412,0
DA:414,0
DA:418,0
DA:420,0
DA:421,0
DA:428,0
DA:430,0
DA:431,0
DA:432,0
DA:433,0
DA:435,0
DA:445,0
DA:447,0
DA:449,0
DA:451,0
DA:453,0
DA:457,0
DA:459,0
DA:461,0
DA:463,0
DA:465,0
DA:467,0
DA:471,0
DA:473,0
DA:475,0
DA:477,0
DA:479,0
DA:483,0
DA:485,0
DA:486,0
DA:489,0
DA:491,0
DA:493,0
DA:497,0
DA:498,0
DA:500,0
DA:509,0
DA:510,0
DA:511,0
DA:512,0
DA:515,0
DA:517,0
DA:519,0
DA:524,0
DA:526,0
DA:527,0
DA:528,0
DA:529,0
DA:531,0
DA:538,0
DA:540,0
DA:544,0
DA:546,0
DA:547,0
DA:548,0
DA:549,0
DA:550,0
DA:552,0
DA:553,0
DA:554,0
DA:557,0
DA:559,0
DA:562,0
DA:566,0
DA:570,0
DA:571,0
DA:572,0
DA:574,0
DA:579,0
DA:581,0
DA:583,0
DA:585,0
DA:587,0
DA:588,0
DA:589,0
DA:591,0
DA:592,0
DA:593,0
DA:595,0
DA:597,0
DA:604,0
DA:606,0
DA:608,0
DA:611,0
DA:614,0
DA:615,0
DA:616,0
DA:618,0
DA:620,0
DA:623,0
DA:625,0
DA:627,0
DA:629,0
DA:630,0
DA:631,0
DA:633,0
DA:635,0
DA:637,0
DA:639,0
DA:649,0
DA:653,0
DA:654,0
DA:656,0
DA:659,0
DA:661,0
DA:663,0
DA:665,0
DA:669,0
DA:672,0
DA:676,0
DA:678,0
DA:680,0
DA:682,0
DA:684,0
DA:686,0
DA:688,0
DA:689,0
DA:691,0
DA:693,0
DA:696,0
DA:698,0
DA:699,0
DA:701,0
DA:705,0
DA:707,0
DA:709,0
DA:711,0
DA:712,0
DA:716,0
DA:718,0
DA:721,0
DA:723,0
DA:725,0
DA:729,0
DA:731,0
DA:733,0
DA:735,0
DA:739,0
DA:741,0
DA:743,0
DA:745,0
DA:749,0
DA:751,0
DA:752,0
DA:755,0
DA:757,0
DA:759,0
DA:763,0
DA:765,0
DA:766,0
DA:769,0
DA:771,0
DA:773,0
DA:777,0
DA:779,0
DA:780,0
DA:782,0
DA:785,0
DA:787,0
DA:789,0
DA:793,0
DA:795,0
DA:797,0
DA:799,0
DA:803,0
DA:807,0
DA:811,0
DA:815,0
DA:817,0
DA:825,0
DA:827,0
DA:829,0
DA:831,0
DA:833,0
DA:837,0
DA:838,0
DA:842,0
DA:843,0
DA:848,0
DA:850,0
DA:852,0
DA:856,0
DA:858,0
DA:860,0
DA:864,0
DA:866,0
DA:867,0
DA:870,0
DA:872,0
DA:876,0
DA:877,0
DA:883,0
DA:895,0
DA:896,0
DA:897,0
DA:898,0
DA:899,0
DA:900,0
DA:902,0
DA:904,0
DA:906,0
DA:907,0
DA:909,0
DA:914,0
DA:917,0
DA:924,0
DA:925,0
DA:927,0
DA:928,0
DA:930,0
DA:931,0
DA:934,0
DA:935,0
DA:936,0
DA:947,0
DA:949,0
DA:950,0
DA:955,0
DA:956,0
DA:959,0
DA:962,0
DA:970,0
DA:972,0
DA:974,0
DA:975,0
DA:976,0
DA:978,0
DA:982,0
DA:994,0
DA:995,0
DA:997,0
DA:1005,0
DA:1006,0
DA:1007,0
DA:1009,0
DA:1010,0
DA:1012,0
DA:1020,0
DA:1027,0
DA:1032,0
DA:1035,0
DA:1037,0
DA:1041,0
DA:1043,0
DA:1045,0
DA:1046,0
DA:1048,0
DA:1061,0
DA:1068,0
DA:1070,0
DA:1072,0
DA:1073,0
DA:1075,0
DA:1077,0
DA:1089,0
DA:1090,0
DA:1092,0
DA:1101,0
DA:1108,0
DA:1113,0
DA:1116,0
DA:1118,0
DA:1122,0
DA:1126,0
DA:1128,0
DA:1132,0
DA:1134,0
DA:1136,0
DA:1138,0
DA:1140,0
DA:1142,0
DA:1146,0
DA:1148,0
DA:1150,0
DA:1152,0
DA:1156,0
DA:1158,0
DA:1162,0
DA:1163,0
DA:1165,0
DA:1168,0
DA:1173,0
DA:1177,0
DA:1179,0
DA:1183,0
DA:1185,0
DA:1187,0
DA:1191,0
DA:1192,0
DA:1194,0
DA:1196,0
DA:1198,0
DA:1202,0
DA:1213,0
DA:1214,0
DA:1215,0
DA:1218,0
DA:1226,0
DA:1227,0
DA:1230,0
DA:1231,0
DA:1233,0
DA:1236,0
DA:1246,0
DA:1248,0
DA:1250,0
DA:1251,0
DA:1252,0
DA:1253,0
DA:1255,0
DA:1260,0
DA:1265,0
DA:1266,0
DA:1269,0
DA:1271,0
DA:1273,0
DA:1280,0
DA:1282,0
DA:1283,0
DA:1285,0
DA:1292,0
DA:1293,0
DA:1295,0
DA:1297,0
DA:1298,0
DA:1299,0
DA:1300,0
DA:1302,0
DA:1303,0
DA:1304,0
DA:1305,0
DA:1307,0
DA:1308,0
DA:1310,0
DA:1317,0
DA:1320,0
DA:1322,0
DA:1330,0
DA:1331,0
DA:1332,0
DA:1334,0
DA:1336,0
DA:1337,0
DA:1339,0
DA:1340,0
DA:1341,0
DA:1347,0
DA:1348,0
DA:1357,0
DA:1359,0
DA:1360,0
DA:1362,0
DA:1364,0
DA:1365,0
DA:1367,0
DA:1368,0
DA:1369,0
DA:1372,0
DA:1383,0
DA:1389,0
DA:1390,0
DA:1392,0
DA:1394,0
DA:1396,0
DA:1404,0
DA:1406,0
DA:1408,0
DA:1409,0
DA:1411,0
DA:1414,0
DA:1415,0
DA:1417,0
DA:1421,0
DA:1423,0
DA:1424,0
DA:1427,0
DA:1429,0
DA:1431,0
DA:1435,0
DA:1437,0
DA:1441,0
DA:1446,0
DA:1447,0
DA:1450,0
DA:1452,0
DA:1454,0
DA:1458,0
DA:1459,0
DA:1461,0
DA:1463,0
DA:1464,0
[...]
FNDA:0,(anonymous_33)
DA:1,0
DA:2,0
DA:15,0
DA:16,0
DA:17,0
DA:18,0
DA:20,0
DA:21,0
DA:34,0
DA:35,0
DA:36,0
DA:37,0
DA:38,0
DA:39,0
DA:40,0
DA:41,0
DA:42,0
DA:43,0
DA:44,0
DA:45,0
DA:46,0
DA:48,0
DA:49,0
DA:50,0
DA:51,0
DA:53,0
DA:54,0
DA:56,0
DA:59,0
DA:62,0
DA:63,0
DA:65,0
DA:68,0
DA:69,0
DA:71,0
DA:74,0
DA:75,0
DA:76,0
DA:77,0
DA:79,0
DA:82,0
DA:83,0
DA:84,0
DA:85,0
DA:87,0
DA:90,0
DA:91,0
DA:94,0
DA:95,0
DA:98,0
DA:100,0
DA:101,0
DA:103,0
DA:105,0
DA:112,0
DA:114,0
DA:115,0
DA:117,0
DA:132,0
DA:133,0
DA:136,0
DA:137,0
DA:138,0
DA:139,0
DA:141,0
DA:142,0
DA:144,0
DA:150,0
DA:153,0
DA:154,0
DA:156,0
DA:159,0
DA:160,0
DA:163,0
DA:164,0
DA:167,0
DA:168,0
DA:169,0
DA:171,0
DA:172,0
DA:174,0
DA:175,0
DA:177,0
DA:179,0
DA:185,0
DA:191,0
DA:194,0
DA:195,0
DA:198,0
DA:199,0
DA:202,0
DA:203,0
DA:205,0
DA:208,0
DA:209,0
DA:211,0
DA:214,0
DA:215,0
DA:216,0
DA:218,0
DA:222,0
LF:101
LH:0
BRDA:56,0,0,0
BRDA:65,1,0,0
BRDA:65,1,1,0
BRDA:71,2,0,0
BRDA:71,2,1,0
BRDA:79,3,0,0
BRDA:79,3,1,0
BRDA:87,4,0,0
BRDA:87,4,1,0
BRDA:91,5,0,0
BRDA:91,5,1,0
BRDA:98,6,0,0
BRDA:98,6,1,0
BRDA:106,7,0,0
BRDA:106,7,1,0
BRDA:106,7,2,0
BRDA:106,7,3,0
BRDA:115,8,0,0
BRDA:118,9,0,0
BRDA:118,9,1,0
BRDA:119,10,0,0
BRDA:119,10,1,0
BRDA:121,11,0,0
BRDA:121,11,1,0
BRDA:122,12,0,0
BRDA:122,12,1,0
BRDA:123,13,0,0
BRDA:123,13,1,0
BRDA:124,14,0,0
BRDA:124,14,1,0
BRDA:125,15,0,0
BRDA:125,15,1,0
BRDA:136,16,0,0
BRDA:137,17,0,0
BRDA:169,18,0,0
BRDA:169,18,1,0
BRDA:171,19,0,0
BRDA:171,19,1,0
BRDA:174,20,0,0
BRF:39
BRH:0
end_of_record
TN:
SF:src/stores/extension/index.ts
FN:47,(anonymous_0)
FN:61,(anonymous_1)
FN:62,(anonymous_2)
FN:65,(anonymous_3)
FN:73,(anonymous_4)
FN:78,(anonymous_5)
FN:108,(anonymous_6)
FN:123,(anonymous_7)
FN:127,(anonymous_8)
FN:131,(anonymous_9)
FN:135,(anonymous_10)
FN:136,(anonymous_11)
FN:143,(anonymous_12)
FN:149,(anonymous_13)
FN:155,(anonymous_14)
FN:156,(anonymous_15)
FN:160,(anonymous_16)
FN:164,(anonymous_17)
FN:171,(anonymous_18)
FN:177,(anonymous_19)
FN:183,(anonymous_20)
FN:184,(anonymous_21)
FN:188,(anonymous_22)
FN:192,(anonymous_23)
FN:199,(anonymous_24)
FN:200,(anonymous_25)
FN:206,(anonymous_26)
FN:208,(anonymous_27)
FN:215,(anonymous_28)
FN:218,(anonymous_29)
FN:222,(anonymous_30)
FN:226,(anonymous_31)
FN:229,(anonymous_32)
FN:232,(anonymous_33)
FN:235,(anonymous_34)
FN:236,(anonymous_35)
FN:242,(anonymous_36)
FN:249,(anonymous_37)
FN:250,(anonymous_38)
FN:256,(anonymous_39)
FN:263,(anonymous_40)
FN:264,(anonymous_41)
FN:273,(anonymous_42)
FN:289,(anonymous_43)
FN:294,(anonymous_44)
FN:299,(anonymous_45)
FN:304,(anonymous_46)
FNF:47
FNH:0
FNDA:0,(anonymous_0)
FNDA:0,(anonymous_1)
FNDA:0,(anonymous_2)
FNDA:0,(anonymous_3)
FNDA:0,(anonymous_4)
FNDA:0,(anonymous_5)
FNDA:0,(anonymous_6)
FNDA:0,(anonymous_7)
FNDA:0,(anonymous_8)
FNDA:0,(anonymous_9)
FNDA:0,(anonymous_10)
FNDA:0,(anonymous_11)
FNDA:0,(anonymous_12)
FNDA:0,(anonymous_13)
FNDA:0,(anonymous_14)
FNDA:0,(anonymous_15)
FNDA:0,(anonymous_16)
FNDA:0,(anonymous_17)
FNDA:0,(anonymous_18)
FNDA:0,(anonymous_19)
FNDA:0,(anonymous_20)
FNDA:0,(anonymous_21)
FNDA:0,(anonymous_22)
FNDA:0,(anonymous_23)
FNDA:0,(anonymous_24)
FNDA:0,(anonymous_25)
FNDA:0,(anonymous_26)
FNDA:0,(anonymous_27)
FNDA:0,(anonymous_28)
FNDA:0,(anonymous_29)
FNDA:0,(anonymous_30)
FNDA:0,(anonymous_31)
FNDA:0,(anonymous_32)
FNDA:0,(anonymous_33)
FNDA:0,(anonymous_34)
FNDA:0,(anonymous_35)
FNDA:0,(anonymous_36)
FNDA:0,(anonymous_37)
FNDA:0,(anonymous_38)
FNDA:0,(anonymous_39)
FNDA:0,(anonymous_40)
FNDA:0,(anonymous_41)
FNDA:0,(anonymous_42)
FNDA:0,(anonymous_43)
FNDA:0,(anonymous_44)
FNDA:0,(anonymous_45)
FNDA:0,(anonymous_46)
DA:1,0
DA:2,0
DA:3,0
DA:24,0
DA:25,0
DA:26,0
DA:45,0
DA:47,0
DA:48,0
DA:49,0
DA:50,0
DA:51,0
DA:52,0
DA:53,0
DA:54,0
DA:55,0
DA:56,0
DA:57,0
DA:58,0
DA:59,0
DA:61,0
DA:62,0
DA:65,0
DA:66,0
DA:68,0
DA:70,0
DA:73,0
DA:78,0
DA:79,0
DA:81,0
DA:82,0
DA:84,0
DA:85,0
DA:87,0
DA:88,0
DA:90,0
DA:91,0
DA:93,0
DA:94,0
DA:96,0
DA:97,0
DA:99,0
DA:100,0
DA:102,0
DA:103,0
DA:108,0
DA:110,0
DA:111,0
DA:112,0
DA:113,0
DA:114,0
DA:115,0
DA:116,0
DA:117,0
DA:118,0
DA:119,0
DA:123,0
DA:124,0
DA:127,0
DA:128,0
DA:131,0
DA:132,0
DA:135,0
DA:136,0
DA:137,0
DA:140,0
DA:143,0
DA:144,0
DA:145,0
DA:146,0
DA:149,0
DA:150,0
DA:151,0
DA:152,0
DA:155,0
DA:156,0
DA:157,0
DA:159,0
DA:160,0
DA:163,0
DA:164,0
DA:168,0
DA:171,0
DA:172,0
DA:173,0
DA:174,0
DA:177,0
DA:178,0
DA:179,0
DA:180,0
DA:183,0
DA:184,0
DA:185,0
DA:187,0
DA:188,0
DA:191,0
DA:192,0
DA:196,0
DA:199,0
DA:200,0
DA:201,0
DA:203,0
DA:205,0
DA:206,0
DA:207,0
DA:208,0
DA:212,0
DA:215,0
DA:216,0
DA:217,0
DA:218,0
DA:219,0
DA:222,0
DA:223,0
DA:224,0
DA:225,0
DA:226,0
DA:229,0
DA:230,0
DA:231,0
DA:232,0
DA:235,0
DA:236,0
DA:237,0
DA:239,0
DA:241,0
DA:242,0
DA:246,0
DA:249,0
DA:250,0
DA:251,0
DA:253,0
DA:255,0
DA:256,0
DA:260,0
DA:263,0
DA:264,0
DA:265,0
DA:267,0
DA:270,0
DA:273,0
DA:274,0
DA:275,0
DA:276,0
DA:277,0
DA:278,0
DA:279,0
DA:280,0
DA:282,0
DA:284,0
DA:286,0
DA:289,0
DA:290,0
DA:291,0
DA:294,0
DA:295,0
DA:296,0
DA:299,0
DA:300,0
DA:301,0
DA:304,0
DA:305,0
DA:306,0
DA:309,0
LF:164
LH:0
BRDA:66,0,0,0
BRDA:79,1,0,0
BRDA:79,1,1,0
BRDA:79,1,2,0
BRDA:79,1,3,0
BRDA:79,1,4,0
BRDA:79,1,5,0
BRDA:79,1,6,0
BRDA:79,1,7,0
BRDA:110,2,0,0
BRDA:110,2,1,0
BRDA:112,3,0,0
BRDA:112,3,1,0
BRDA:114,4,0,0
BRDA:114,4,1,0
BRDA:116,5,0,0
BRDA:116,5,1,0
BRDA:118,6,0,0
BRDA:159,7,0,0
BRDA:159,8,0,0
BRDA:159,8,1,0
BRDA:163,9,0,0
BRDA:187,10,0,0
BRDA:187,11,0,0
BRDA:187,11,1,0
BRDA:191,12,0,0
BRDA:205,13,0,0
BRDA:205,13,1,0
BRDA:205,14,0,0
BRDA:205,14,1,0
BRDA:207,15,0,0
BRDA:241,16,0,0
BRDA:255,17,0,0
BRDA:286,18,0,0
BRDA:286,18,1,0
BRF:35
BRH:0
end_of_record
TN:
SF:src/stores/networks/index.ts
FN:40,(anonymous_0)
FN:43,(anonymous_1)
FN:53,(anonymous_2)
FN:57,(anonymous_3)
FN:60,(anonymous_4)
FN:62,(anonymous_5)
FN:69,(anonymous_6)
FN:73,(anonymous_7)
FN:80,(anonymous_8)
FN:81,(anonymous_9)
FN:81,(anonymous_10)
FN:85,(anonymous_11)
FN:85,(anonymous_12)
FN:87,(anonymous_13)
FN:91,(anonymous_14)
FN:91,(anonymous_15)
FN:92,(anonymous_16)
FN:97,(anonymous_17)
FN:97,(anonymous_18)
FN:106,(anonymous_19)
FN:106,(anonymous_20)
FN:115,(anonymous_21)
FN:115,(anonymous_22)
FN:118,(anonymous_23)
FN:120,(anonymous_24)
FN:125,(anonymous_25)
FN:126,(anonymous_26)
FN:133,(anonymous_27)
FN:134,(anonymous_28)
FN:141,(anonymous_29)
FN:142,(anonymous_30)
FN:169,(anonymous_31)
FN:174,(anonymous_32)
FN:180,(anonymous_33)
FN:200,(anonymous_34)
FN:239,(anonymous_35)
FN:240,(anonymous_36)
FN:244,(anonymous_37)
FN:255,(anonymous_38)
FN:262,(anonymous_39)
FN:266,(anonymous_40)
FN:267,(anonymous_41)
FNF:42
FNH:0
FNDA:0,(anonymous_0)
FNDA:0,(anonymous_1)
FNDA:0,(anonymous_2)
FNDA:0,(anonymous_3)
FNDA:0,(anonymous_4)
FNDA:0,(anonymous_5)
FNDA:0,(anonymous_6)
FNDA:0,(anonymous_7)
FNDA:0,(anonymous_8)
FNDA:0,(anonymous_9)
FNDA:0,(anonymous_10)
FNDA:0,(anonymous_11)
FNDA:0,(anonymous_12)
FNDA:0,(anonymous_13)
FNDA:0,(anonymous_14)
FNDA:0,(anonymous_15)
FNDA:0,(anonymous_16)
FNDA:0,(anonymous_17)
FNDA:0,(anonymous_18)
FNDA:0,(anonymous_19)
FNDA:0,(anonymous_20)
FNDA:0,(anonymous_21)
FNDA:0,(anonymous_22)
FNDA:0,(anonymous_23)
FNDA:0,(anonymous_24)
FNDA:0,(anonymous_25)
FNDA:0,(anonymous_26)
FNDA:0,(anonymous_27)
FNDA:0,(anonymous_28)
FNDA:0,(anonymous_29)
FNDA:0,(anonymous_30)
FNDA:0,(anonymous_31)
FNDA:0,(anonymous_32)
FNDA:0,(anonymous_33)
FNDA:0,(anonymous_34)
FNDA:0,(anonymous_35)
FNDA:0,(anonymous_36)
FNDA:0,(anonymous_37)
FNDA:0,(anonymous_38)
FNDA:0,(anonymous_39)
FNDA:0,(anonymous_40)
FNDA:0,(anonymous_41)
DA:1,0
DA:2,0
DA:21,0
DA:28,0
DA:29,0
DA:30,0
DA:31,0
DA:32,0
DA:33,0
DA:34,0
DA:35,0
DA:36,0
DA:38,0
DA:40,0
DA:41,0
DA:43,0
DA:44,0
DA:45,0
DA:49,0
DA:50,0
DA:51,0
DA:53,0
DA:54,0
DA:56,0
DA:57,0
DA:59,0
DA:60,0
DA:62,0
DA:63,0
DA:66,0
DA:69,0
DA:70,0
DA:71,0
DA:72,0
DA:73,0
DA:75,0
DA:80,0
DA:81,0
DA:84,0
DA:85,0
DA:86,0
DA:87,0
DA:91,0
DA:92,0
DA:94,0
DA:97,0
DA:98,0
DA:100,0
DA:101,0
DA:103,0
DA:106,0
DA:107,0
DA:108,0
DA:109,0
DA:110,0
DA:112,0
DA:115,0
DA:116,0
DA:117,0
DA:118,0
DA:120,0
DA:122,0
DA:125,0
DA:126,0
DA:128,0
DA:130,0
DA:133,0
DA:134,0
DA:136,0
DA:138,0
DA:141,0
DA:142,0
DA:143,0
DA:144,0
DA:145,0
DA:146,0
DA:147,0
DA:148,0
DA:160,0
DA:169,0
DA:170,0
DA:174,0
DA:175,0
DA:177,0
DA:180,0
DA:181,0
DA:183,0
DA:184,0
DA:185,0
DA:186,0
DA:188,0
DA:190,0
DA:191,0
DA:192,0
DA:194,0
DA:195,0
DA:197,0
DA:200,0
DA:201,0
DA:202,0
DA:204,0
DA:215,0
DA:217,0
DA:219,0
DA:221,0
DA:223,0
DA:230,0
DA:232,0
DA:233,0
DA:235,0
DA:239,0
DA:240,0
DA:242,0
DA:244,0
DA:245,0
DA:247,0
DA:248,0
DA:250,0
DA:252,0
DA:255,0
DA:256,0
DA:258,0
DA:259,0
DA:262,0
DA:263,0
DA:266,0
DA:267,0
DA:269,0
DA:272,0
LF:129
LH:0
BRDA:56,0,0,0
BRDA:66,1,0,0
BRDA:66,1,1,0
BRDA:87,2,0,0
BRDA:87,2,1,0
BRDA:98,3,0,0
BRDA:109,4,0,0
BRDA:109,4,1,0
BRDA:122,5,0,0
BRDA:122,5,1,0
BRDA:128,6,0,0
BRDA:136,7,0,0
BRDA:145,8,0,0
BRDA:145,8,1,0
BRDA:146,9,0,0
BRDA:146,9,1,0
BRDA:154,10,0,0
BRDA:154,10,1,0
BRDA:175,11,0,0
BRDA:181,12,0,0
BRDA:184,13,0,0
BRDA:184,13,1,0
BRDA:188,14,0,0
BRDA:190,15,0,0
BRDA:190,15,1,0
BRDA:194,16,0,0
BRDA:202,17,0,0
BRDA:202,17,1,0
BRDA:215,18,0,0
BRDA:219,19,0,0
BRDA:219,20,0,0
BRDA:219,20,1,0
BRDA:235,21,0,0
BRDA:242,22,0,0
BRDA:247,23,0,0
BRDA:247,23,1,0
BRDA:267,24,0,0
BRF:37
BRH:0
end_of_record
TN:
SF:src/stores/pools/index.ts
FN:13,(anonymous_0)
FN:18,(anonymous_1)
FN:30,(anonymous_2)
FN:36,(anonymous_3)
FN:39,(anonymous_4)
FN:39,(anonymous_5)
FN:41,(anonymous_6)
FN:41,(anonymous_7)
FN:43,(anonymous_8)
FN:44,(anonymous_9)
FN:50,(anonymous_10)
FN:53,(anonymous_11)
FN:60,(anonymous_12)
FN:61,(anonymous_13)
FN:67,(anonymous_14)
FN:72,(anonymous_15)
FN:77,(anonymous_16)
FN:78,(anonymous_17)
FN:88,(anonymous_18)
FNF:19
FNH:0
FNDA:0,(anonymous_0)
FNDA:0,(anonymous_1)
FNDA:0,(anonymous_2)
FNDA:0,(anonymous_3)
FNDA:0,(anonymous_4)
FNDA:0,(anonymous_5)
FNDA:0,(anonymous_6)
FNDA:0,(anonymous_7)
FNDA:0,(anonymous_8)
FNDA:0,(anonymous_9)
FNDA:0,(anonymous_10)
FNDA:0,(anonymous_11)
FNDA:0,(anonymous_12)
FNDA:0,(anonymous_13)
FNDA:0,(anonymous_14)
FNDA:0,(anonymous_15)
FNDA:0,(anonymous_16)
FNDA:0,(anonymous_17)
FNDA:0,(anonymous_18)
DA:1,0
DA:2,0
DA:4,0
DA:5,0
DA:6,0
DA:7,0
DA:8,0
DA:9,0
DA:11,0
DA:13,0
DA:14,0
DA:15,0
DA:16,0
DA:18,0
DA:19,0
DA:20,0
DA:22,0
DA:23,0
DA:24,0
DA:25,0
DA:29,0
DA:31,0
DA:32,0
DA:34,0
DA:36,0
DA:39,0
DA:41,0
DA:43,0
DA:44,0
DA:50,0
DA:51,0
DA:53,0
DA:54,0
DA:57,0
DA:60,0
DA:61,0
DA:67,0
DA:68,0
DA:69,0
DA:72,0
DA:73,0
DA:75,0
DA:77,0
DA:78,0
DA:79,0
DA:81,0
DA:83,0
DA:88,0
DA:89,0
DA:92,0
LF:50
LH:0
BRDA:32,0,0,0
BRDA:51,1,0,0
BRDA:72,2,0,0
BRF:3
BRH:0
end_of_record
TN:
SF:src/stores/staking/index.ts
FN:43,(anonymous_0)
FN:54,(anonymous_1)
FN:59,(anonymous_2)
FN:64,(anonymous_3)
FN:68,(anonymous_4)
FN:78,(anonymous_5)
FN:84,(anonymous_6)
FN:94,(anonymous_7)
FN:95,(anonymous_8)
FN:96,(anonymous_9)
FN:97,(anonymous_10)
FN:98,(anonymous_11)
FN:101,(anonymous_12)
FN:103,(anonymous_13)
FN:128,(anonymous_14)
FN:137,(anonymous_15)
FN:170,(anonymous_16)
FN:172,(anonymous_17)
FN:176,(anonymous_18)
FN:186,(anonymous_19)
FN:198,(anonymous_20)
FN:204,(anonymous_21)
FN:217,(anonymous_22)
FN:222,(anonymous_23)
FN:225,(anonymous_24)
FN:226,(anonymous_25)
FN:229,(anonymous_26)
FN:230,(anonymous_27)
FN:233,(anonymous_28)
FN:234,(anonymous_29)
FN:235,(anonymous_30)
FN:239,(anonymous_31)
FN:240,(anonymous_32)
FN:250,(anonymous_33)
FN:255,(anonymous_34)
FN:258,(anonymous_35)
FN:268,(anonymous_36)
FN:292,(anonymous_37)
FN:293,(anonymous_38)
FN:309,(anonymous_39)
FN:310,(anonymous_40)
FN:326,(anonymous_41)
FN:327,(anonymous_42)
FN:333,(anonymous_43)
FN:336,(anonymous_44)
FN:337,(anonymous_45)
FN:338,(anonymous_46)
FN:348,(anonymous_47)
FN:349,(anonymous_48)
FN:371,(anonymous_49)
FN:374,(anonymous_50)
FN:375,(anonymous_51)
FN:385,(anonymous_52)
FN:389,(anonymous_53)
FN:391,(anonymous_54)
FN:391,(anonymous_55)
FN:400,(anonymous_56)
FN:425,(anonymous_57)
FN:431,(anonymous_58)
FN:433,(anonymous_59)
FNF:60
FNH:0
FNDA:0,(anonymous_0)
FNDA:0,(anonymous_1)
FNDA:0,(anonymous_2)
FNDA:0,(anonymous_3)
FNDA:0,(anonymous_4)
FNDA:0,(anonymous_5)
FNDA:0,(anonymous_6)
FNDA:0,(anonymous_7)
FNDA:0,(anonymous_8)
FNDA:0,(anonymous_9)
FNDA:0,(anonymous_10)
FNDA:0,(anonymous_11)
FNDA:0,(anonymous_12)
FNDA:0,(anonymous_13)
FNDA:0,(anonymous_14)
FNDA:0,(anonymous_15)
FNDA:0,(anonymous_16)
FNDA:0,(anonymous_17)
FNDA:0,(anonymous_18)
FNDA:0,(anonymous_19)
FNDA:0,(anonymous_20)
FNDA:0,(anonymous_21)
FNDA:0,(anonymous_22)
FNDA:0,(anonymous_23)
FNDA:0,(anonymous_24)
FNDA:0,(anonymous_25)
FNDA:0,(anonymous_26)
FNDA:0,(anonymous_27)
FNDA:0,(anonymous_28)
FNDA:0,(anonymous_29)
FNDA:0,(anonymous_30)
FNDA:0,(anonymous_31)
FNDA:0,(anonymous_32)
FNDA:0,(anonymous_33)
FNDA:0,(anonymous_34)
FNDA:0,(anonymous_35)
FNDA:0,(anonymous_36)
FNDA:0,(anonymous_37)
FNDA:0,(anonymous_38)
FNDA:0,(anonymous_39)
FNDA:0,(anonymous_40)
FNDA:0,(anonymous_41)
FNDA:0,(anonymous_42)
FNDA:0,(anonymous_43)
FNDA:0,(anonymous_44)
FNDA:0,(anonymous_45)
FNDA:0,(anonymous_46)
FNDA:0,(anonymous_47)
FNDA:0,(anonymous_48)
FNDA:0,(anonymous_49)
FNDA:0,(anonymous_50)
FNDA:0,(anonymous_51)
FNDA:0,(anonymous_52)
FNDA:0,(anonymous_53)
FNDA:0,(anonymous_54)
FNDA:0,(anonymous_55)
FNDA:0,(anonymous_56)
FNDA:0,(anonymous_57)
FNDA:0,(anonymous_58)
FNDA:0,(anonymous_59)
DA:1,0
DA:2,0
DA:20,0
DA:21,0
DA:22,0
DA:23,0
DA:24,0
DA:25,0
DA:26,0
DA:27,0
DA:28,0
DA:39,0
DA:40,0
DA:41,0
DA:43,0
DA:54,0
DA:55,0
DA:57,0
DA:60,0
DA:64,0
DA:68,0
DA:69,0
DA:71,0
DA:72,0
DA:74,0
DA:76,0
DA:78,0
DA:80,0
DA:84,0
DA:85,0
DA:87,0
DA:88,0
DA:94,0
DA:95,0
DA:96,0
DA:97,0
DA:98,0
DA:101,0
DA:103,0
DA:108,0
DA:110,0
DA:111,0
DA:112,0
DA:113,0
DA:114,0
DA:116,0
DA:117,0
DA:120,0
DA:122,0
DA:128,0
DA:129,0
DA:131,0
DA:132,0
DA:134,0
DA:137,0
DA:138,0
DA:140,0
DA:150,0
DA:159,0
DA:170,0
DA:171,0
DA:172,0
DA:174,0
DA:176,0
DA:177,0
DA:179,0
DA:180,0
DA:183,0
DA:186,0
DA:187,0
DA:189,0
DA:196,0
DA:199,0
DA:204,0
DA:205,0
DA:206,0
DA:208,0
DA:209,0
DA:210,0
DA:212,0
DA:216,0
DA:218,0
DA:220,0
DA:222,0
DA:225,0
DA:226,0
DA:229,0
DA:230,0
DA:233,0
DA:234,0
DA:235,0
DA:239,0
DA:240,0
DA:241,0
DA:243,0
DA:244,0
DA:245,0
DA:247,0
DA:248,0
DA:250,0
DA:252,0
DA:253,0
DA:255,0
DA:257,0
DA:258,0
DA:261,0
DA:263,0
DA:266,0
DA:268,0
DA:270,0
DA:272,0
DA:273,0
DA:279,0
DA:282,0
DA:288,0
DA:292,0
DA:293,0
DA:294,0
DA:297,0
DA:299,0
DA:301,0
DA:306,0
DA:309,0
DA:310,0
DA:311,0
DA:313,0
DA:315,0
DA:323,0
DA:326,0
DA:327,0
DA:333,0
DA:334,0
DA:336,0
DA:337,0
DA:338,0
DA:339,0
DA:341,0
DA:343,0
DA:348,0
DA:349,0
DA:350,0
DA:352,0
DA:356,0
DA:372,0
DA:375,0
DA:376,0
DA:378,0
DA:380,0
DA:383,0
DA:385,0
DA:386,0
DA:388,0
DA:391,0
DA:393,0
DA:395,0
DA:396,0
DA:397,0
DA:398,0
DA:399,0
DA:400,0
DA:402,0
DA:403,0
DA:415,0
DA:425,0
DA:427,0
DA:429,0
DA:431,0
DA:433,0
DA:435,0
DA:439,0
LF:170
LH:0
BRDA:55,0,0,0
BRDA:60,1,0,0
BRDA:60,1,1,0
BRDA:60,1,2,0
BRDA:69,2,0,0
BRDA:69,3,0,0
BRDA:69,3,1,0
BRDA:74,4,0,0
BRDA:85,5,0,0
BRDA:85,6,0,0
BRDA:85,6,1,0
BRDA:94,7,0,0
BRDA:108,8,0,0
BRDA:108,9,0,0
BRDA:108,9,1,0
BRDA:111,10,0,0
BRDA:111,10,1,0
BRDA:114,11,0,0
BRDA:114,11,1,0
BRDA:116,12,0,0
BRDA:116,13,0,0
BRDA:116,13,1,0
BRDA:116,13,2,0
BRDA:129,14,0,0
BRDA:138,15,0,0
BRDA:138,15,1,0
BRDA:142,16,0,0
BRDA:142,16,1,0
BRDA:143,17,0,0
BRDA:143,17,1,0
BRDA:144,18,0,0
BRDA:144,18,1,0
BRDA:145,19,0,0
BRDA:145,19,1,0
BRDA:146,20,0,0
BRDA:146,20,1,0
BRDA:147,21,0,0
BRDA:147,21,1,0
BRDA:153,22,0,0
BRDA:153,22,1,0
BRDA:154,23,0,0
BRDA:154,23,1,0
BRDA:179,24,0,0
BRDA:218,25,0,0
BRDA:247,26,0,0
BRDA:248,27,0,0
BRDA:248,27,1,0
BRDA:253,28,0,0
BRDA:253,28,1,0
BRDA:266,29,0,0
BRDA:266,29,1,0
BRDA:268,30,0,0
BRDA:268,30,1,0
BRDA:270,31,0,0
BRDA:270,31,1,0
BRDA:272,32,0,0
BRDA:297,33,0,0
BRDA:313,34,0,0
BRDA:333,35,0,0
BRDA:372,36,0,0
BRDA:372,36,1,0
BRDA:378,37,0,0
BRDA:383,38,0,0
BRDA:391,39,0,0
BRDA:391,39,1,0
BRDA:393,40,0,0
BRDA:395,41,0,0
BRDA:395,41,1,0
BRDA:395,41,2,0
BRDA:396,42,0,0
BRDA:396,42,1,0
BRDA:396,42,2,0
BRDA:396,42,3,0
BRDA:397,43,0,0
BRDA:397,43,1,0
BRDA:398,44,0,0
BRDA:398,44,1,0
BRDA:399,45,0,0
BRDA:399,45,1,0
BRDA:402,46,0,0
BRDA:411,47,0,0
BRDA:411,47,1,0
BRDA:427,48,0,0
BRDA:433,49,0,0
BRDA:433,49,1,0
BRDA:435,50,0,0
BRF:86
BRH:0
end_of_record
TN:
SF:src/styles/index.ts
FNF:0
FNH:0
DA:1,0
DA:2,0
DA:3,0
DA:4,0
DA:5,0
LF:5
LH:0
BRF:0
BRH:0
end_of_record
TN:
SF:src/types/sora.ts
FN:3,(anonymous_0)
FNF:1
FNH:0
FNDA:0,(anonymous_0)
DA:3,0
LF:1
LH:0
BRF:0
BRH:0
end_of_record
TN:
SF:src/util/BaseApi.ts
FN:17,(anonymous_0)
FN:21,(anonymous_1)
FN:28,(anonymous_2)
FN:37,(anonymous_3)
FN:41,(anonymous_4)
FN:45,(anonymous_5)
FN:48,(anonymous_6)
FN:49,(anonymous_7)
FN:52,(anonymous_8)
FN:56,(anonymous_9)
FN:60,(anonymous_10)
FN:63,(anonymous_11)
FN:69,(anonymous_12)
FN:75,(anonymous_13)
FN:79,(anonymous_14)
FN:87,(anonymous_15)
FN:91,(anonymous_16)
FN:95,(anonymous_17)
FN:115,(anonymous_18)
FN:121,(anonymous_19)
FN:139,(anonymous_20)
FNF:21
FNH:0
FNDA:0,(anonymous_0)
FNDA:0,(anonymous_1)
FNDA:0,(anonymous_2)
FNDA:0,(anonymous_3)
FNDA:0,(anonymous_4)
FNDA:0,(anonymous_5)
FNDA:0,(anonymous_6)
FNDA:0,(anonymous_7)
FNDA:0,(anonymous_8)
FNDA:0,(anonymous_9)
FNDA:0,(anonymous_10)
FNDA:0,(anonymous_11)
FNDA:0,(anonymous_12)
FNDA:0,(anonymous_13)
FNDA:0,(anonymous_14)
FNDA:0,(anonymous_15)
FNDA:0,(anonymous_16)
FNDA:0,(anonymous_17)
FNDA:0,(anonymous_18)
FNDA:0,(anonymous_19)
FNDA:0,(anonymous_20)
DA:1,0
DA:2,0
DA:9,0
DA:10,0
DA:11,0
DA:12,0
DA:16,0
DA:18,0
DA:19,0
DA:20,0
DA:21,0
DA:23,0
DA:25,0
DA:29,0
DA:30,0
DA:31,0
DA:32,0
DA:34,0
DA:38,0
DA:42,0
DA:46,0
DA:48,0
DA:49,0
DA:53,0
DA:57,0
DA:58,0
DA:60,0
DA:64,0
DA:66,0
DA:70,0
DA:72,0
DA:76,0
DA:80,0
DA:81,0
DA:83,0
DA:88,0
DA:92,0
DA:96,0
DA:98,0
DA:100,0
DA:102,0
DA:103,0
DA:105,0
DA:107,0
DA:109,0
DA:111,0
DA:116,0
DA:118,0
DA:122,0
DA:124,0
DA:126,0
DA:127,0
DA:128,0
DA:132,0
DA:133,0
DA:135,0
DA:140,0
DA:141,0
DA:144,0
LF:59
LH:0
BRDA:23,0,0,0
BRDA:25,1,0,0
BRDA:25,1,1,0
BRDA:60,2,0,0
BRDA:60,2,1,0
BRDA:64,3,0,0
BRDA:70,4,0,0
BRDA:98,5,0,0
BRDA:98,6,0,0
BRDA:98,6,1,0
BRDA:100,7,0,0
BRDA:100,8,0,0
BRDA:100,8,1,0
BRDA:105,9,0,0
BRDA:109,10,0,0
BRDA:116,11,0,0
BRDA:121,12,0,0
BRDA:124,13,0,0
BRDA:139,14,0,0
BRF:19
BRH:0
end_of_record
TN:
SF:src/util/balances.ts
FN:7,formatBalance
FNF:1
FNH:0
FNDA:0,formatBalance
DA:5,0
DA:7,0
DA:8,0
DA:9,0
DA:11,0
DA:12,0
DA:13,0
DA:15,0
DA:16,0
DA:17,0
DA:19,0
LF:11
LH:0
BRDA:8,0,0,0
BRDA:8,0,1,0
BRDA:9,1,0,0
BRDA:9,1,1,0
BRDA:11,2,0,0
BRDA:11,2,1,0
BRDA:12,3,0,0
BRDA:12,3,1,0
BRDA:13,4,0,0
BRDA:13,4,1,0
BRF:10
BRH:0
end_of_record
TN:
SF:src/util/storage.ts
FN:1,(anonymous_0)
FN:3,(anonymous_1)
FN:9,(anonymous_2)
FNF:3
FNH:0
FNDA:0,(anonymous_0)
FNDA:0,(anonymous_1)
FNDA:0,(anonymous_2)
DA:1,0
DA:3,0
DA:7,0
DA:9,0
DA:10,0
DA:12,0
DA:14,0
LF:7
LH:0
BRDA:1,0,0,0
BRDA:1,0,1,0
BRDA:7,1,0,0
BRDA:7,2,0,0
BRDA:7,2,1,0
BRDA:12,3,0,0
BRF:6
BRH:0
end_of_record
TN:
SF:src/util/walletConnect.ts
FN:11,(anonymous_0)
FN:27,(anonymous_1)
FN:52,(anonymous_2)
FN:55,(anonymous_3)
FNF:4
FNH:0
FNDA:0,(anonymous_0)
FNDA:0,(anonymous_1)
FNDA:0,(anonymous_2)
FNDA:0,(anonymous_3)
DA:2,0
DA:6,0
DA:9,0
DA:11,0
DA:16,0
DA:17,0
DA:18,0
DA:19,0
DA:21,0
DA:23,0
DA:24,0
DA:25,0
DA:27,0
DA:29,0
DA:30,0
DA:31,0
DA:32,0
DA:35,0
DA:36,0
DA:37,0
DA:39,0
DA:41,0
DA:42,0
DA:43,0
DA:44,0
DA:49,0
DA:52,0
DA:53,0
DA:55,0
DA:56,0
DA:59,0
LF:31
LH:0
BRDA:21,0,0,0
BRDA:23,1,0,0
BRDA:23,1,1,0
BRDA:29,2,0,0
BRDA:29,2,1,0
BRDA:30,3,0,0
BRDA:35,4,0,0
BRDA:41,5,0,0
BRDA:41,5,1,0
BRDA:42,6,0,0
BRF:10
BRH:0
end_of_record
TN:
SF:src/utils/perpsExoticTelemetry.ts
FN:18,(anonymous_0)
FN:19,(anonymous_1)
FN:27,(anonymous_2)
FN:31,(anonymous_3)
FN:35,(anonymous_4)
FN:57,(anonymous_5)
FN:64,(anonymous_6)
FNF:7
FNH:0
FNDA:0,(anonymous_0)
FNDA:0,(anonymous_1)
FNDA:0,(anonymous_2)
FNDA:0,(anonymous_3)
FNDA:0,(anonymous_4)
FNDA:0,(anonymous_5)
FNDA:0,(anonymous_6)
DA:13,0
DA:15,0
DA:19,0
DA:20,0
DA:22,0
DA:23,0
DA:28,0
DA:32,0
DA:36,0
DA:38,0
DA:39,0
DA:42,0
DA:48,0
DA:50,0
DA:51,0
DA:54,0
DA:58,0
DA:59,0
DA:61,0
DA:65,0
DA:67,0
DA:68,0
DA:70,0
DA:74,0
DA:76,0
LF:25
LH:0
BRDA:19,0,0,0
BRDA:20,1,0,0
BRDA:22,2,0,0
BRDA:22,3,0,0
BRDA:22,3,1,0
BRDA:35,4,0,0
BRDA:38,5,0,0
BRDA:50,6,0,0
BRDA:65,7,0,0
BRF:9
BRH:0
end_of_record
